0 verbose cli /usr/local/bin/node /usr/local/bin/npm
1 info using npm@8.13.2
2 info using node@v16.16.0
3 timing npm:load:whichnode Completed in 0ms
4 timing config:load:defaults Completed in 5ms
5 timing config:load:file:/usr/local/lib/node_modules/npm/npmrc Completed in 0ms
6 timing config:load:builtin Completed in 1ms
7 timing config:load:cli Completed in 2ms
8 timing config:load:env Completed in 0ms
9 timing config:load:file:/root/.cache/typescript/4.6/.npmrc Completed in 0ms
10 timing config:load:project Completed in 13ms
11 timing config:load:file:/root/.npmrc Completed in 1ms
12 timing config:load:user Completed in 1ms
13 timing config:load:file:/usr/local/etc/npmrc Completed in 0ms
14 timing config:load:global Completed in 0ms
15 timing config:load:validate Completed in 1ms
16 timing config:load:credentials Completed in 2ms
17 timing config:load:setEnvs Completed in 1ms
18 timing config:load Completed in 28ms
19 timing npm:load:configload Completed in 29ms
20 timing npm:load:mkdirpcache Completed in 1ms
21 timing npm:load:mkdirplogs Completed in 0ms
22 verbose title npm install @types/mysql@ts4.6 @types/cors@ts4.6 @types/object-assign@ts4.6 @types/sqlstring@ts4.6
23 verbose argv "install" "--ignore-scripts" "@types/mysql@ts4.6" "@types/cors@ts4.6" "@types/object-assign@ts4.6" "@types/sqlstring@ts4.6" "--save-dev" "--user-agent" "typesInstaller/4.6.3"
24 timing npm:load:setTitle Completed in 3ms
25 timing config:load:flatten Completed in 5ms
26 timing npm:load:display Completed in 6ms
27 verbose logfile logs-max:10 dir:/root/.npm/_logs
28 verbose logfile /root/.npm/_logs/2022-07-09T05_20_28_825Z-debug-0.log
29 timing npm:load:logFile Completed in 9ms
30 timing npm:load:timers Completed in 0ms
31 timing npm:load:configScope Completed in 0ms
32 timing npm:load Completed in 49ms
33 timing arborist:ctor Completed in 1ms
34 silly logfile start cleaning logs, removing 1 files
35 silly logfile done cleaning log files
36 timing idealTree:init Completed in 98ms
37 timing arborist:ctor Completed in 0ms
38 http fetch GET 200 https://registry.npmjs.org/@types%2fobject-assign 285ms (cache miss)
39 http fetch GET 200 https://registry.npmjs.org/@types%2fcors 289ms (cache miss)
40 http fetch GET 200 https://registry.npmjs.org/@types%2fmysql 1100ms (cache miss)
41 http fetch GET 200 https://registry.npmjs.org/@types%2fsqlstring 1109ms (cache miss)
42 timing idealTree:userRequests Completed in 1127ms
43 silly idealTree buildDeps
44 silly fetch manifest @types/mysql@2.15.21
45 silly fetch manifest @types/cors@2.8.12
46 silly fetch manifest @types/object-assign@4.0.30
47 silly fetch manifest @types/sqlstring@2.3.0
48 silly placeDep ROOT @types/cors@2.8.12 OK for:  want: 2.8.12
49 silly placeDep ROOT @types/mysql@2.15.21 OK for:  want: 2.15.21
50 silly placeDep ROOT @types/object-assign@4.0.30 OK for:  want: 4.0.30
51 silly placeDep ROOT @types/sqlstring@2.3.0 OK for:  want: 2.3.0
52 timing idealTree:#root Completed in 21ms
53 timing idealTree:node_modules/@types/cors Completed in 0ms
54 timing idealTree:node_modules/@types/mysql Completed in 0ms
55 timing idealTree:node_modules/@types/object-assign Completed in 0ms
56 timing idealTree:node_modules/@types/sqlstring Completed in 0ms
57 timing idealTree:buildDeps Completed in 23ms
58 timing idealTree:fixDepFlags Completed in 1ms
59 timing idealTree Completed in 1252ms
60 timing reify:loadTrees Completed in 1253ms
61 timing reify:diffTrees Completed in 5ms
62 silly reify moves {}
63 timing reify:retireShallow Completed in 1ms
64 timing reify:createSparse Completed in 3ms
65 timing reify:loadBundles Completed in 0ms
66 silly audit bulk request {
66 silly audit   '@babel/helper-validator-identifier': [ '7.18.6' ],
66 silly audit   '@babel/parser': [ '7.18.8' ],
66 silly audit   '@babel/types': [ '7.18.8' ],
66 silly audit   '@types/accepts': [ '1.3.5' ],
66 silly audit   '@types/babel__core': [ '7.1.19' ],
66 silly audit   '@types/babel__generator': [ '7.6.4' ],
66 silly audit   '@types/babel__template': [ '7.4.1' ],
66 silly audit   '@types/babel__traverse': [ '7.17.1' ],
66 silly audit   '@types/body-parser': [ '1.19.2' ],
66 silly audit   '@types/bytes': [ '3.1.1' ],
66 silly audit   '@types/call-bind': [ '1.0.1' ],
66 silly audit   '@types/connect': [ '3.4.35' ],
66 silly audit   '@types/content-disposition': [ '0.5.5' ],
66 silly audit   '@types/content-type': [ '1.1.5' ],
66 silly audit   '@types/cookie': [ '0.5.1' ],
66 silly audit   '@types/cookie-signature': [ '1.0.4' ],
66 silly audit   '@types/cross-spawn': [ '6.0.2' ],
66 silly audit   '@types/debug': [ '4.1.7' ],
66 silly audit   '@types/depd': [ '1.1.32' ],
66 silly audit   '@types/destroy': [ '1.0.0' ],
66 silly audit   '@types/ee-first': [ '1.1.0' ],
66 silly audit   '@types/encodeurl': [ '1.0.0' ],
66 silly audit   '@types/escape-html': [ '1.0.2' ],
66 silly audit   '@types/etag': [ '1.8.1' ],
66 silly audit   '@types/express': [ '4.17.13' ],
66 silly audit   '@types/express-serve-static-core': [ '4.17.29' ],
66 silly audit   '@types/fbemitter': [ '2.0.32' ],
66 silly audit   '@types/finalhandler': [ '1.1.1' ],
66 silly audit   '@types/forwarded': [ '0.1.0' ],
66 silly audit   '@types/fresh': [ '0.5.0' ],
66 silly audit   '@types/function-bind': [ '1.1.7' ],
66 silly audit   '@types/get-intrinsic': [ '1.0.0' ],
66 silly audit   '@types/getenv': [ '1.0.0' ],
66 silly audit   '@types/has': [ '1.0.0' ],
66 silly audit   '@types/has-symbols': [ '1.0.0' ],
66 silly audit   '@types/http-errors': [ '1.8.2' ],
66 silly audit   '@types/inherits': [ '0.0.30' ],
66 silly audit   '@types/invariant': [ '2.2.35' ],
66 silly audit   '@types/media-typer': [ '1.1.1' ],
66 silly audit   '@types/merge-descriptors': [ '1.0.1' ],
66 silly audit   '@types/methods': [ '1.1.1' ],
66 silly audit   '@types/mime': [ '2.0.3', '1.3.2' ],
66 silly audit   '@types/mime-db': [ '1.43.1' ],
66 silly audit   '@types/mime-types': [ '2.1.1' ],
66 silly audit   '@types/ms': [ '0.7.31' ],
66 silly audit   '@types/negotiator': [ '0.6.1' ],
66 silly audit   '@types/node': [ '18.0.3' ],
66 silly audit   '@types/node-fetch': [ '2.6.2' ],
66 silly audit   '@types/object-inspect': [ '1.8.1' ],
66 silly audit   '@types/on-finished': [ '2.3.1' ],
66 silly audit   '@types/parseurl': [ '1.3.1' ],
66 silly audit   '@types/prop-types': [ '15.7.5' ],
66 silly audit   '@types/proxy-addr': [ '2.0.0' ],
66 silly audit   '@types/qs': [ '6.9.7' ],
66 silly audit   '@types/range-parser': [ '1.2.4' ],
66 silly audit   '@types/react': [ '18.0.15' ],
66 silly audit   '@types/react-dom': [ '18.0.6' ],
66 silly audit   '@types/react-native': [ '0.69.2' ],
66 silly audit   '@types/safer-buffer': [ '2.1.0' ],
66 silly audit   '@types/scheduler': [ '0.16.2' ],
66 silly audit   '@types/send': [ '0.17.1' ],
66 silly audit   '@types/serve-static': [ '1.13.10' ],
66 silly audit   '@types/statuses': [ '2.0.0' ],
66 silly audit   '@types/type-is': [ '1.6.3' ],
66 silly audit   '@types/utils-merge': [ '0.0.28' ],
66 silly audit   '@types/uuid': [ '8.3.4' ],
66 silly audit   '@types/vary': [ '1.1.0' ],
66 silly audit   asynckit: [ '0.4.0' ],
66 silly audit   'combined-stream': [ '1.0.8' ],
66 silly audit   csstype: [ '3.1.0' ],
66 silly audit   'delayed-stream': [ '1.0.0' ],
66 silly audit   'form-data': [ '3.0.1' ],
66 silly audit   'mime-db': [ '1.52.0' ],
66 silly audit   'mime-types': [ '2.1.35' ],
66 silly audit   'to-fast-properties': [ '2.0.0' ],
66 silly audit   'types-registry': [ '0.1.599' ],
66 silly audit   '@types/cors': [ '2.8.12' ],
66 silly audit   '@types/mysql': [ '2.15.21' ],
66 silly audit   '@types/object-assign': [ '4.0.30' ],
66 silly audit   '@types/sqlstring': [ '2.3.0' ]
66 silly audit }
67 silly tarball no local data for @types/sqlstring@https://registry.npmjs.org/@types/sqlstring/-/sqlstring-2.3.0.tgz. Extracting by manifest.
68 silly tarball no local data for @types/object-assign@https://registry.npmjs.org/@types/object-assign/-/object-assign-4.0.30.tgz. Extracting by manifest.
69 silly tarball no local data for @types/mysql@https://registry.npmjs.org/@types/mysql/-/mysql-2.15.21.tgz. Extracting by manifest.
70 silly tarball no local data for @types/cors@https://registry.npmjs.org/@types/cors/-/cors-2.8.12.tgz. Extracting by manifest.
71 http fetch GET 200 https://registry.npmjs.org/@types/object-assign/-/object-assign-4.0.30.tgz 44ms (cache miss)
72 timing reifyNode:node_modules/@types/object-assign Completed in 57ms
73 http fetch GET 200 https://registry.npmjs.org/@types/cors/-/cors-2.8.12.tgz 70ms (cache miss)
74 timing reifyNode:node_modules/@types/cors Completed in 85ms
75 http fetch POST 200 https://registry.npmjs.org/-/npm/v1/security/advisories/bulk 204ms
76 timing auditReport:getReport Completed in 208ms
77 silly audit report {}
78 timing auditReport:init Completed in 0ms
79 timing reify:audit Completed in 210ms
80 http fetch GET 200 https://registry.npmjs.org/@types/sqlstring/-/sqlstring-2.3.0.tgz 222ms (cache miss)
81 timing reifyNode:node_modules/@types/sqlstring Completed in 235ms
82 http fetch GET 200 https://registry.npmjs.org/@types/mysql/-/mysql-2.15.21.tgz 241ms (cache miss)
83 timing reifyNode:node_modules/@types/mysql Completed in 255ms
84 timing reify:unpack Completed in 256ms
85 timing reify:unretire Completed in 0ms
86 timing build:queue Completed in 0ms
87 timing build:deps Completed in 0ms
88 timing build Completed in 2ms
89 timing reify:build Completed in 2ms
90 timing reify:trash Completed in 0ms
91 timing reify:save Completed in 30ms
92 timing reify Completed in 1575ms
93 silly ADD node_modules/@types/sqlstring
94 silly ADD node_modules/@types/object-assign
95 silly ADD node_modules/@types/mysql
96 silly ADD node_modules/@types/cors
97 timing command:install Completed in 1581ms
98 verbose exit 0
99 timing npm Completed in 1696ms
100 info ok
