0 verbose cli /usr/local/bin/node /usr/local/bin/npm
1 info using npm@8.13.2
2 info using node@v16.16.0
3 timing npm:load:whichnode Completed in 0ms
4 timing config:load:defaults Completed in 2ms
5 timing config:load:file:/usr/local/lib/node_modules/npm/npmrc Completed in 2ms
6 timing config:load:builtin Completed in 2ms
7 timing config:load:cli Completed in 5ms
8 timing config:load:env Completed in 0ms
9 timing config:load:file:/root/itProgerReact/.npmrc Completed in 1ms
10 timing config:load:project Completed in 17ms
11 timing config:load:file:/root/.npmrc Completed in 0ms
12 timing config:load:user Completed in 1ms
13 timing config:load:file:/usr/local/etc/npmrc Completed in 0ms
14 timing config:load:global Completed in 0ms
15 timing config:load:validate Completed in 1ms
16 timing config:load:credentials Completed in 2ms
17 timing config:load:setEnvs Completed in 2ms
18 timing config:load Completed in 34ms
19 timing npm:load:configload Completed in 35ms
20 timing npm:load:mkdirpcache Completed in 2ms
21 timing npm:load:mkdirplogs Completed in 0ms
22 verbose title npm install @expo/ngrok@^4.1.0
23 verbose argv "install" "@expo/ngrok@^4.1.0"
24 timing npm:load:setTitle Completed in 2ms
25 timing config:load:flatten Completed in 6ms
26 timing npm:load:display Completed in 10ms
27 verbose logfile logs-max:10 dir:/root/.npm/_logs
28 verbose logfile /root/.npm/_logs/2022-07-09T05_21_59_782Z-debug-0.log
29 timing npm:load:logFile Completed in 10ms
30 timing npm:load:timers Completed in 0ms
31 timing npm:load:configScope Completed in 0ms
32 timing npm:load Completed in 62ms
33 timing arborist:ctor Completed in 1ms
34 silly logfile start cleaning logs, removing 1 files
35 silly logfile done cleaning log files
36 timing arborist:ctor Completed in 0ms
37 timing idealTree:init Completed in 2893ms
38 timing idealTree:userRequests Completed in 3ms
39 silly idealTree buildDeps
40 silly fetch manifest @expo/ngrok@^4.1.0
41 http fetch GET 200 https://registry.npmjs.org/@expo%2fngrok 1175ms (cache miss)
42 silly placeDep ROOT @expo/ngrok@4.1.0 OK for: itprogerreact@1.0.0 want: ^4.1.0
43 silly fetch manifest @expo/ngrok-bin@2.3.40
44 silly fetch manifest got@^11.5.1
45 silly fetch manifest yaml@^1.10.0
46 http fetch GET 200 https://registry.npmjs.org/yaml 87ms (cache miss)
47 http fetch GET 200 https://registry.npmjs.org/got 93ms (cache revalidated)
48 http fetch GET 200 https://registry.npmjs.org/@expo%2fngrok-bin 908ms (cache miss)
49 timing idealTree:#root Completed in 2098ms
50 silly placeDep ROOT @expo/ngrok-bin@2.3.40 OK for: @expo/ngrok@4.1.0 want: 2.3.40
51 silly placeDep ROOT got@11.8.5 OK for: @expo/ngrok@4.1.0 want: ^11.5.1
52 silly placeDep ROOT yaml@1.10.2 OK for: @expo/ngrok@4.1.0 want: ^1.10.0
53 silly fetch manifest @expo/ngrok-bin-darwin-arm64@2.3.40
54 silly fetch manifest @expo/ngrok-bin-darwin-x64@2.3.40
55 silly fetch manifest @expo/ngrok-bin-freebsd-ia32@2.3.40
56 silly fetch manifest @expo/ngrok-bin-freebsd-x64@2.3.40
57 silly fetch manifest @expo/ngrok-bin-linux-arm@2.3.40
58 silly fetch manifest @expo/ngrok-bin-linux-arm64@2.3.40
59 silly fetch manifest @expo/ngrok-bin-linux-ia32@2.3.40
60 silly fetch manifest @expo/ngrok-bin-linux-x64@2.3.40
61 silly fetch manifest @expo/ngrok-bin-sunos-x64@2.3.40
62 silly fetch manifest @expo/ngrok-bin-win32-ia32@2.3.40
63 silly fetch manifest @expo/ngrok-bin-win32-x64@2.3.40
64 silly fetch manifest @sindresorhus/is@^4.0.0
65 silly fetch manifest @szmarczak/http-timer@^4.0.5
66 silly fetch manifest @types/cacheable-request@^6.0.1
67 silly fetch manifest @types/responselike@^1.0.0
68 silly fetch manifest cacheable-lookup@^5.0.3
69 silly fetch manifest cacheable-request@^7.0.2
70 silly fetch manifest decompress-response@^6.0.0
71 silly fetch manifest http2-wrapper@^1.0.0-beta.5.2
72 silly fetch manifest lowercase-keys@^2.0.0
73 silly fetch manifest p-cancelable@^2.0.0
74 silly fetch manifest responselike@^2.0.0
75 http fetch GET 200 https://registry.npmjs.org/@types%2fresponselike 129ms (cache revalidated)
76 http fetch GET 200 https://registry.npmjs.org/@types%2fcacheable-request 156ms (cache revalidated)
77 http fetch GET 200 https://registry.npmjs.org/http2-wrapper 174ms (cache revalidated)
78 http fetch GET 200 https://registry.npmjs.org/cacheable-request 300ms (cache revalidated)
79 http fetch GET 200 https://registry.npmjs.org/cacheable-lookup 318ms (cache revalidated)
80 http fetch GET 200 https://registry.npmjs.org/decompress-response 379ms (cache revalidated)
81 http fetch GET 200 https://registry.npmjs.org/p-cancelable 508ms (cache revalidated)
82 http fetch GET 200 https://registry.npmjs.org/@expo%2fngrok-bin-darwin-x64 628ms (cache miss)
83 http fetch GET 200 https://registry.npmjs.org/@expo%2fngrok-bin-win32-x64 695ms (cache miss)
84 http fetch GET 200 https://registry.npmjs.org/lowercase-keys 1053ms (cache revalidated)
85 http fetch GET 200 https://registry.npmjs.org/@expo%2fngrok-bin-darwin-arm64 1123ms (cache miss)
86 http fetch GET 200 https://registry.npmjs.org/@expo%2fngrok-bin-linux-arm64 1162ms (cache miss)
87 http fetch GET 200 https://registry.npmjs.org/responselike 1183ms (cache revalidated)
88 http fetch GET 200 https://registry.npmjs.org/@expo%2fngrok-bin-freebsd-ia32 1284ms (cache miss)
89 http fetch GET 200 https://registry.npmjs.org/@expo%2fngrok-bin-linux-arm 1357ms (cache miss)
90 http fetch GET 200 https://registry.npmjs.org/@szmarczak%2fhttp-timer 1651ms (cache revalidated)
91 http fetch GET 200 https://registry.npmjs.org/@sindresorhus%2fis 1662ms (cache revalidated)
92 http fetch GET 200 https://registry.npmjs.org/@expo%2fngrok-bin-win32-ia32 1668ms (cache miss)
93 http fetch GET 200 https://registry.npmjs.org/@expo%2fngrok-bin-freebsd-x64 1713ms (cache miss)
94 http fetch GET 200 https://registry.npmjs.org/@expo%2fngrok-bin-linux-ia32 1830ms (cache miss)
95 http fetch GET 200 https://registry.npmjs.org/@expo%2fngrok-bin-linux-x64 1833ms (cache miss)
96 http fetch GET 200 https://registry.npmjs.org/@expo%2fngrok-bin-sunos-x64 2215ms (cache miss)
97 timing idealTree:node_modules/@expo/ngrok Completed in 2235ms
98 silly placeDep ROOT @expo/ngrok-bin-darwin-arm64@2.3.40 OK for: @expo/ngrok-bin@2.3.40 want: 2.3.40
99 silly placeDep ROOT @expo/ngrok-bin-darwin-x64@2.3.40 OK for: @expo/ngrok-bin@2.3.40 want: 2.3.40
100 silly placeDep ROOT @expo/ngrok-bin-freebsd-ia32@2.3.40 OK for: @expo/ngrok-bin@2.3.40 want: 2.3.40
101 silly placeDep ROOT @expo/ngrok-bin-freebsd-x64@2.3.40 OK for: @expo/ngrok-bin@2.3.40 want: 2.3.40
102 silly placeDep ROOT @expo/ngrok-bin-linux-arm@2.3.40 OK for: @expo/ngrok-bin@2.3.40 want: 2.3.40
103 silly placeDep ROOT @expo/ngrok-bin-linux-arm64@2.3.40 OK for: @expo/ngrok-bin@2.3.40 want: 2.3.40
104 silly placeDep ROOT @expo/ngrok-bin-linux-ia32@2.3.40 OK for: @expo/ngrok-bin@2.3.40 want: 2.3.40
105 silly placeDep ROOT @expo/ngrok-bin-linux-x64@2.3.40 OK for: @expo/ngrok-bin@2.3.40 want: 2.3.40
106 silly placeDep ROOT @expo/ngrok-bin-sunos-x64@2.3.40 OK for: @expo/ngrok-bin@2.3.40 want: 2.3.40
107 silly placeDep ROOT @expo/ngrok-bin-win32-ia32@2.3.40 OK for: @expo/ngrok-bin@2.3.40 want: 2.3.40
108 silly placeDep ROOT @expo/ngrok-bin-win32-x64@2.3.40 OK for: @expo/ngrok-bin@2.3.40 want: 2.3.40
109 timing idealTree:node_modules/@expo/ngrok-bin Completed in 30ms
110 timing idealTree:node_modules/@expo/ngrok-bin-darwin-arm64 Completed in 0ms
111 timing idealTree:node_modules/@expo/ngrok-bin-darwin-x64 Completed in 0ms
112 timing idealTree:node_modules/@expo/ngrok-bin-freebsd-ia32 Completed in 0ms
113 timing idealTree:node_modules/@expo/ngrok-bin-freebsd-x64 Completed in 0ms
114 timing idealTree:node_modules/@expo/ngrok-bin-linux-arm Completed in 0ms
115 timing idealTree:node_modules/@expo/ngrok-bin-linux-arm64 Completed in 1ms
116 timing idealTree:node_modules/@expo/ngrok-bin-linux-ia32 Completed in 0ms
117 timing idealTree:node_modules/@expo/ngrok-bin-linux-x64 Completed in 0ms
118 timing idealTree:node_modules/@expo/ngrok-bin-sunos-x64 Completed in 0ms
119 timing idealTree:node_modules/@expo/ngrok-bin-win32-ia32 Completed in 0ms
120 timing idealTree:node_modules/@expo/ngrok-bin-win32-x64 Completed in 0ms
121 silly placeDep ROOT @sindresorhus/is@4.6.0 OK for: got@11.8.5 want: ^4.0.0
122 silly placeDep ROOT @szmarczak/http-timer@4.0.6 OK for: got@11.8.5 want: ^4.0.5
123 silly placeDep ROOT @types/cacheable-request@6.0.2 OK for: got@11.8.5 want: ^6.0.1
124 silly placeDep ROOT @types/responselike@1.0.0 OK for: got@11.8.5 want: ^1.0.0
125 silly placeDep ROOT cacheable-lookup@5.0.4 OK for: got@11.8.5 want: ^5.0.3
126 silly placeDep ROOT cacheable-request@7.0.2 OK for: got@11.8.5 want: ^7.0.2
127 silly placeDep ROOT decompress-response@6.0.0 OK for: got@11.8.5 want: ^6.0.0
128 silly placeDep ROOT http2-wrapper@1.0.3 OK for: got@11.8.5 want: ^1.0.0-beta.5.2
129 silly placeDep ROOT lowercase-keys@2.0.0 OK for: got@11.8.5 want: ^2.0.0
130 silly placeDep ROOT p-cancelable@2.1.1 OK for: got@11.8.5 want: ^2.0.0
131 silly placeDep ROOT responselike@2.0.0 OK for: got@11.8.5 want: ^2.0.0
132 silly fetch manifest defer-to-connect@^2.0.0
133 silly fetch manifest @types/http-cache-semantics@*
134 silly fetch manifest @types/keyv@*
135 silly fetch manifest clone-response@^1.0.2
136 silly fetch manifest get-stream@^5.1.0
137 silly fetch manifest http-cache-semantics@^4.0.0
138 silly fetch manifest keyv@^4.0.0
139 silly fetch manifest normalize-url@^6.0.1
140 silly fetch manifest mimic-response@^3.1.0
141 silly fetch manifest quick-lru@^5.1.1
142 silly fetch manifest resolve-alpn@^1.0.0
143 http fetch GET 200 https://registry.npmjs.org/@types%2fhttp-cache-semantics 60ms (cache revalidated)
144 http fetch GET 200 https://registry.npmjs.org/normalize-url 68ms (cache revalidated)
145 http fetch GET 200 https://registry.npmjs.org/quick-lru 71ms (cache revalidated)
146 http fetch GET 200 https://registry.npmjs.org/resolve-alpn 73ms (cache revalidated)
147 http fetch GET 200 https://registry.npmjs.org/get-stream 80ms (cache revalidated)
148 http fetch GET 200 https://registry.npmjs.org/@types%2fkeyv 91ms (cache revalidated)
149 http fetch GET 200 https://registry.npmjs.org/http-cache-semantics 239ms (cache revalidated)
150 http fetch GET 200 https://registry.npmjs.org/mimic-response 237ms (cache revalidated)
151 http fetch GET 200 https://registry.npmjs.org/defer-to-connect 713ms (cache revalidated)
152 http fetch GET 200 https://registry.npmjs.org/keyv 715ms (cache revalidated)
153 http fetch GET 200 https://registry.npmjs.org/clone-response 752ms (cache revalidated)
154 timing idealTree:node_modules/got Completed in 779ms
155 timing idealTree:node_modules/@sindresorhus/is Completed in 0ms
156 silly placeDep ROOT defer-to-connect@2.0.1 OK for: @szmarczak/http-timer@4.0.6 want: ^2.0.0
157 timing idealTree:node_modules/@szmarczak/http-timer Completed in 2ms
158 silly placeDep ROOT @types/http-cache-semantics@4.0.1 OK for: @types/cacheable-request@6.0.2 want: *
159 silly placeDep ROOT @types/keyv@3.1.4 OK for: @types/cacheable-request@6.0.2 want: *
160 timing idealTree:node_modules/@types/cacheable-request Completed in 3ms
161 timing idealTree:node_modules/@types/http-cache-semantics Completed in 0ms
162 timing idealTree:node_modules/@types/keyv Completed in 0ms
163 timing idealTree:node_modules/@types/responselike Completed in 0ms
164 timing idealTree:node_modules/cacheable-lookup Completed in 0ms
165 silly placeDep ROOT clone-response@1.0.2 OK for: cacheable-request@7.0.2 want: ^1.0.2
166 silly placeDep node_modules/cacheable-request get-stream@5.2.0 OK for: cacheable-request@7.0.2 want: ^5.1.0
167 silly placeDep ROOT http-cache-semantics@4.1.0 OK for: cacheable-request@7.0.2 want: ^4.0.0
168 silly placeDep ROOT keyv@4.3.2 OK for: cacheable-request@7.0.2 want: ^4.0.0
169 silly placeDep ROOT normalize-url@6.1.0 OK for: cacheable-request@7.0.2 want: ^6.0.1
170 silly fetch manifest mimic-response@^1.0.0
171 silly fetch manifest compress-brotli@^1.3.8
172 silly fetch manifest json-buffer@3.0.1
173 http fetch GET 200 https://registry.npmjs.org/compress-brotli 31ms (cache revalidated)
174 http fetch GET 200 https://registry.npmjs.org/json-buffer 695ms (cache revalidated)
175 timing idealTree:node_modules/cacheable-request Completed in 704ms
176 silly placeDep ROOT mimic-response@1.0.1 OK for: clone-response@1.0.2 want: ^1.0.0
177 timing idealTree:node_modules/clone-response Completed in 2ms
178 silly placeDep node_modules/decompress-response mimic-response@3.1.0 OK for: decompress-response@6.0.0 want: ^3.1.0
179 timing idealTree:node_modules/decompress-response Completed in 2ms
180 timing idealTree:node_modules/defer-to-connect Completed in 0ms
181 timing idealTree:node_modules/http-cache-semantics Completed in 0ms
182 silly placeDep ROOT quick-lru@5.1.1 OK for: http2-wrapper@1.0.3 want: ^5.1.1
183 silly placeDep ROOT resolve-alpn@1.2.1 OK for: http2-wrapper@1.0.3 want: ^1.0.0
184 timing idealTree:node_modules/http2-wrapper Completed in 10ms
185 silly placeDep ROOT compress-brotli@1.3.8 OK for: keyv@4.3.2 want: ^1.3.8
186 silly placeDep ROOT json-buffer@3.0.1 OK for: keyv@4.3.2 want: 3.0.1
187 silly fetch manifest @types/json-buffer@~3.0.0
188 http fetch GET 200 https://registry.npmjs.org/@types%2fjson-buffer 43ms (cache revalidated)
189 timing idealTree:node_modules/keyv Completed in 47ms
190 silly placeDep ROOT @types/json-buffer@3.0.0 OK for: compress-brotli@1.3.8 want: ~3.0.0
191 timing idealTree:node_modules/compress-brotli Completed in 1ms
192 timing idealTree:node_modules/@types/json-buffer Completed in 0ms
193 timing idealTree:node_modules/json-buffer Completed in 0ms
194 timing idealTree:node_modules/lowercase-keys Completed in 0ms
195 timing idealTree:node_modules/mimic-response Completed in 0ms
196 timing idealTree:node_modules/normalize-url Completed in 0ms
197 timing idealTree:node_modules/p-cancelable Completed in 0ms
198 timing idealTree:node_modules/quick-lru Completed in 0ms
199 timing idealTree:node_modules/resolve-alpn Completed in 0ms
200 timing idealTree:node_modules/responselike Completed in 0ms
201 timing idealTree:node_modules/yaml Completed in 0ms
202 timing idealTree:node_modules/cacheable-request/node_modules/get-stream Completed in 0ms
203 timing idealTree:node_modules/decompress-response/node_modules/mimic-response Completed in 0ms
204 timing idealTree:buildDeps Completed in 5917ms
205 timing idealTree:fixDepFlags Completed in 20ms
206 timing idealTree Completed in 8842ms
207 timing reify:loadTrees Completed in 8843ms
208 timing reify:diffTrees Completed in 25ms
209 silly reify mark retired [
209 silly reify   '/root/itProgerReact/node_modules/resolve',
209 silly reify   '/root/itProgerReact/node_modules/.bin/resolve'
209 silly reify ]
210 silly reify mark retired [
210 silly reify   '/root/itProgerReact/node_modules/which',
210 silly reify   '/root/itProgerReact/node_modules/.bin/which'
210 silly reify ]
211 silly reify mark retired [
211 silly reify   '/root/itProgerReact/node_modules/@expo/osascript/node_modules/which',
211 silly reify   '/root/itProgerReact/node_modules/@expo/osascript/node_modules/.bin/node-which'
211 silly reify ]
212 silly reify mark retired [
212 silly reify   '/root/itProgerReact/node_modules/@expo/package-manager/node_modules/which',
212 silly reify   '/root/itProgerReact/node_modules/@expo/package-manager/node_modules/.bin/node-which'
212 silly reify ]
213 silly reify moves {
213 silly reify   '/root/itProgerReact/node_modules/resolve': '/root/itProgerReact/node_modules/.resolve-aKDARk1k',
213 silly reify   '/root/itProgerReact/node_modules/.bin/resolve': '/root/itProgerReact/node_modules/.bin/.resolve-aDU1vv9v',
213 silly reify   '/root/itProgerReact/node_modules/which': '/root/itProgerReact/node_modules/.which-jGGuGDeg',
213 silly reify   '/root/itProgerReact/node_modules/.bin/which': '/root/itProgerReact/node_modules/.bin/.which-QmELYRx5',
213 silly reify   '/root/itProgerReact/node_modules/@expo/osascript/node_modules/which': '/root/itProgerReact/node_modules/@expo/osascript/node_modules/.which-M0zdHne4',
213 silly reify   '/root/itProgerReact/node_modules/@expo/osascript/node_modules/.bin/node-which': '/root/itProgerReact/node_modules/@expo/osascript/node_modules/.bin/.node-which-Z2yPSx50',
213 silly reify   '/root/itProgerReact/node_modules/@expo/package-manager/node_modules/which': '/root/itProgerReact/node_modules/@expo/package-manager/node_modules/.which-lC90VHAa',
213 silly reify   '/root/itProgerReact/node_modules/@expo/package-manager/node_modules/.bin/node-which': '/root/itProgerReact/node_modules/@expo/package-manager/node_modules/.bin/.node-which-MGTC7jZ7'
213 silly reify }
214 timing reify:retireShallow Completed in 7ms
215 timing reify:createSparse Completed in 8ms
216 timing reify:loadBundles Completed in 0ms
217 silly audit bulk request {
217 silly audit   'abort-controller': [ '3.0.0' ],
217 silly audit   'absolute-path': [ '0.0.0' ],
217 silly audit   accepts: [ '1.3.8' ],
217 silly audit   'aggregate-error': [ '3.1.0' ],
217 silly audit   anser: [ '1.4.10' ],
217 silly audit   'ansi-escapes': [ '4.3.2', '3.2.0' ],
217 silly audit   'type-fest': [ '0.21.3', '0.12.0', '0.16.0', '0.7.1', '0.3.1' ],
217 silly audit   'ansi-fragments': [ '0.2.1' ],
217 silly audit   'ansi-regex': [ '4.1.1', '5.0.1' ],
217 silly audit   'strip-ansi': [ '5.2.0', '6.0.1' ],
217 silly audit   'ansi-styles': [ '4.3.0', '3.2.1' ],
217 silly audit   'any-promise': [ '1.3.0' ],
217 silly audit   anymatch: [ '3.1.2' ],
217 silly audit   appdirsjs: [ '1.2.7' ],
217 silly audit   'application-config-path': [ '0.1.0' ],
217 silly audit   arg: [ '4.1.0' ],
217 silly audit   argparse: [ '1.0.10', '2.0.1' ],
217 silly audit   'arr-diff': [ '4.0.0' ],
217 silly audit   'arr-flatten': [ '1.1.0' ],
217 silly audit   'arr-union': [ '3.1.0' ],
217 silly audit   'array-filter': [ '0.0.1' ],
217 silly audit   'array-find-index': [ '1.0.2' ],
217 silly audit   'array-map': [ '0.0.0' ],
217 silly audit   'array-reduce': [ '0.0.0' ],
217 silly audit   'array-union': [ '2.1.0' ],
217 silly audit   'array-unique': [ '0.3.2' ],
217 silly audit   asap: [ '2.0.6' ],
217 silly audit   'assign-symbols': [ '1.0.0' ],
217 silly audit   'ast-types': [ '0.14.2' ],
217 silly audit   'astral-regex': [ '1.0.0' ],
217 silly audit   async: [ '2.6.4' ],
217 silly audit   'async-limiter': [ '1.0.1' ],
217 silly audit   asynckit: [ '0.4.0' ],
217 silly audit   'at-least-node': [ '1.0.0' ],
217 silly audit   atob: [ '2.1.2' ],
217 silly audit   'babel-core': [ '7.0.0-bridge.0' ],
217 silly audit   'babel-plugin-dynamic-import-node': [ '2.3.3' ],
217 silly audit   'babel-plugin-module-resolver': [ '4.1.0' ],
217 silly audit   'babel-plugin-polyfill-corejs2': [ '0.3.1' ],
217 silly audit   'babel-plugin-polyfill-corejs3': [ '0.5.2' ],
217 silly audit   'babel-plugin-polyfill-regenerator': [ '0.3.1' ],
217 silly audit   'babel-plugin-react-native-web': [ '0.17.7' ],
217 silly audit   'babel-plugin-syntax-trailing-function-commas': [ '7.0.0-beta.0' ],
217 silly audit   'babel-preset-expo': [ '9.1.0' ],
217 silly audit   'babel-preset-fbjs': [ '3.4.0' ],
217 silly audit   'balanced-match': [ '1.0.2' ],
217 silly audit   base: [ '0.11.2' ],
217 silly audit   'define-property': [ '1.0.0', '0.2.5', '2.0.2' ],
217 silly audit   'base64-js': [ '1.5.1' ],
217 silly audit   'better-opn': [ '3.0.2' ],
217 silly audit   'is-wsl': [ '2.2.0', '1.1.0' ],
217 silly audit   open: [ '8.4.0', '6.4.0' ],
217 silly audit   'big-integer': [ '1.6.51' ],
217 silly audit   bl: [ '4.1.0' ],
217 silly audit   'blueimp-md5': [ '2.19.0' ],
217 silly audit   'body-parser': [ '1.19.0' ],
217 silly audit   'bplist-creator': [ '0.1.0' ],
217 silly audit   'bplist-parser': [ '0.3.2', '0.3.1' ],
217 silly audit   'brace-expansion': [ '1.1.11' ],
217 silly audit   braces: [ '3.0.2', '2.3.2' ],
217 silly audit   browserslist: [ '4.21.1' ],
217 silly audit   bser: [ '2.1.1' ],
217 silly audit   buffer: [ '5.7.1' ],
217 silly audit   'buffer-alloc': [ '1.2.0' ],
217 silly audit   'buffer-alloc-unsafe': [ '1.1.0' ],
217 silly audit   'buffer-fill': [ '1.0.0' ],
217 silly audit   'buffer-from': [ '1.1.2' ],
217 silly audit   builtins: [ '1.0.3' ],
217 silly audit   bytes: [ '3.1.0', '3.0.0' ],
217 silly audit   cacache: [ '15.3.0' ],
217 silly audit   mkdirp: [ '1.0.4', '0.5.6' ],
217 silly audit   'cache-base': [ '1.0.1' ],
217 silly audit   'call-bind': [ '1.0.2' ],
217 silly audit   'caller-callsite': [ '2.0.0' ],
217 silly audit   'caller-path': [ '2.0.0' ],
217 silly audit   callsites: [ '2.0.0' ],
217 silly audit   camelcase: [ '5.3.1', '6.3.0' ],
217 silly audit   'caniuse-lite': [ '1.0.30001363' ],
217 silly audit   chalk: [ '4.1.2', '2.4.2' ],
217 silly audit   charenc: [ '0.0.2' ],
217 silly audit   chownr: [ '2.0.0' ],
217 silly audit   'ci-info': [ '3.3.2', '2.0.0' ],
217 silly audit   'class-utils': [ '0.3.6' ],
217 silly audit   'clean-stack': [ '2.2.0' ],
217 silly audit   'cli-cursor': [ '2.1.0', '3.1.0' ],
217 silly audit   'cli-spinners': [ '2.6.1' ],
217 silly audit   cliui: [ '6.0.0' ],
217 silly audit   'wrap-ansi': [ '6.2.0', '7.0.0' ],
217 silly audit   clone: [ '1.0.4', '2.1.2' ],
217 silly audit   'clone-deep': [ '4.0.1' ],
217 silly audit   'collection-visit': [ '1.0.0' ],
217 silly audit   'color-convert': [ '2.0.1', '1.9.3' ],
217 silly audit   'color-name': [ '1.1.4', '1.1.3' ],
217 silly audit   colorette: [ '1.4.0' ],
217 silly audit   'combined-stream': [ '1.0.8' ],
217 silly audit   'command-exists': [ '1.2.9' ],
217 silly audit   commander: [ '7.2.0', '4.1.1', '2.13.0', '2.20.3' ],
217 silly audit   commondir: [ '1.0.1' ],
217 silly audit   'compare-versions': [ '3.6.0' ],
217 silly audit   'component-emitter': [ '1.3.0' ],
217 silly audit   'component-type': [ '1.2.1' ],
217 silly audit   compressible: [ '2.0.18' ],
217 silly audit   compression: [ '1.7.4' ],
217 silly audit   'concat-map': [ '0.0.1' ],
217 silly audit   connect: [ '3.7.0' ],
217 silly audit   'content-type': [ '1.0.4' ],
217 silly audit   'convert-source-map': [ '1.8.0' ],
217 silly audit   'copy-descriptor': [ '0.1.1' ],
217 silly audit   'core-js-compat': [ '3.23.3' ],
217 silly audit   semver: [ '7.0.0', '5.7.1', '6.3.0', '7.3.2', '7.3.7' ],
217 silly audit   'core-util-is': [ '1.0.3' ],
217 silly audit   cosmiconfig: [ '5.2.1' ],
217 silly audit   'create-react-class': [ '15.7.0' ],
217 silly audit   'cross-fetch': [ '3.1.5' ],
217 silly audit   'cross-spawn': [ '6.0.5', '7.0.3' ],
217 silly audit   crypt: [ '0.0.2' ],
217 silly audit   'crypto-random-string': [ '2.0.0', '1.0.0' ],
217 silly audit   'css-in-js-utils': [ '2.0.1' ],
217 silly audit   'dag-map': [ '1.0.2' ],
217 silly audit   dayjs: [ '1.11.3' ],
217 silly audit   debug: [ '2.6.9', '4.3.4', '3.2.7' ],
217 silly audit   ms: [ '2.0.0', '2.1.3', '2.1.2' ],
217 silly audit   decamelize: [ '1.2.0' ],
217 silly audit   'decode-uri-component': [ '0.2.0' ],
217 silly audit   'deep-extend': [ '0.6.0' ],
217 silly audit   deepmerge: [ '3.3.0' ],
217 silly audit   'default-gateway': [ '4.2.0' ],
217 silly audit   defaults: [ '1.0.3' ],
217 silly audit   'define-lazy-prop': [ '2.0.0' ],
217 silly audit   'define-properties': [ '1.1.4' ],
217 silly audit   'is-accessor-descriptor': [ '0.1.6', '1.0.0' ],
217 silly audit   'kind-of': [ '3.2.2', '5.1.0', '4.0.0', '6.0.3' ],
217 silly audit   'is-data-descriptor': [ '0.1.4', '1.0.0' ],
217 silly audit   'is-descriptor': [ '0.1.6', '1.0.2' ],
217 silly audit   del: [ '6.1.1' ],
217 silly audit   'delayed-stream': [ '1.0.0' ],
217 silly audit   denodeify: [ '1.2.1' ],
217 silly audit   depd: [ '1.1.2', '2.0.0' ],
217 silly audit   'deprecated-react-native-prop-types': [ '2.3.0' ],
217 silly audit   destroy: [ '1.2.0' ],
217 silly audit   'dir-glob': [ '3.0.1' ],
217 silly audit   'ee-first': [ '1.1.1' ],
217 silly audit   'electron-to-chromium': [ '1.4.185' ],
217 silly audit   'emoji-regex': [ '8.0.0' ],
217 silly audit   encodeurl: [ '1.0.2' ],
217 silly audit   'end-of-stream': [ '1.4.4' ],
217 silly audit   'env-editor': [ '0.4.2' ],
217 silly audit   envinfo: [ '7.8.1' ],
217 silly audit   eol: [ '0.9.1' ],
217 silly audit   'error-ex': [ '1.3.2' ],
217 silly audit   'error-stack-parser': [ '2.1.4' ],
217 silly audit   errorhandler: [ '1.5.1' ],
217 silly audit   escalade: [ '3.1.1' ],
217 silly audit   'escape-html': [ '1.0.3' ],
217 silly audit   'escape-string-regexp': [ '4.0.0', '1.0.5' ],
217 silly audit   esprima: [ '4.0.1' ],
217 silly audit   esutils: [ '2.0.3' ],
217 silly audit   etag: [ '1.8.1' ],
217 silly audit   'event-target-shim': [ '5.0.1' ],
217 silly audit   'exec-async': [ '2.2.0' ],
217 silly audit   execa: [ '1.0.0' ],
217 silly audit   'expand-brackets': [ '2.1.4' ],
217 silly audit   expo: [ '45.0.6' ],
217 silly audit   'expo-application': [ '4.1.0' ],
217 silly audit   'expo-asset': [ '8.5.0' ],
217 silly audit   'expo-constants': [ '13.1.1' ],
217 silly audit   'expo-error-recovery': [ '3.1.0' ],
217 silly audit   'expo-file-system': [ '14.0.0' ],
217 silly audit   'expo-font': [ '10.1.0' ],
217 silly audit   'expo-keep-awake': [ '10.1.1' ],
217 silly audit   'expo-modules-autolinking': [ '0.9.0', '0.8.1' ],
217 silly audit   'fs-extra': [ '9.1.0', '8.1.0', '1.0.0', '9.0.0' ],
217 silly audit   'expo-modules-core': [ '0.9.2' ],
217 silly audit   'expo-status-bar': [ '1.3.0' ],
217 silly audit   'extend-shallow': [ '2.0.1', '3.0.2' ],
217 silly audit   extglob: [ '2.0.4' ],
217 silly audit   'fast-deep-equal': [ '3.1.3' ],
217 silly audit   'fast-glob': [ '3.2.11' ],
217 silly audit   fastq: [ '1.13.0' ],
217 silly audit   'fb-watchman': [ '2.0.1' ],
217 silly audit   fbemitter: [ '3.0.0' ],
217 silly audit   fbjs: [ '3.0.4' ],
217 silly audit   promise: [ '7.3.1', '8.1.0' ],
217 silly audit   'fbjs-css-vars': [ '1.0.2' ],
217 silly audit   'fetch-retry': [ '4.1.1' ],
217 silly audit   'fill-range': [ '7.0.1', '4.0.0' ],
217 silly audit   'filter-obj': [ '1.1.0' ],
217 silly audit   finalhandler: [ '1.1.2' ],
217 silly audit   'find-babel-config': [ '1.2.0' ],
217 silly audit   json5: [ '0.5.1', '2.2.1', '1.0.1' ],
217 silly audit   'find-cache-dir': [ '2.1.0' ],
217 silly audit   'find-up': [ '5.0.0', '3.0.0', '4.1.0' ],
217 silly audit   'path-exists': [ '4.0.0', '3.0.0' ],
217 silly audit   'find-yarn-workspace-root': [ '2.0.0' ],
217 silly audit   'flow-parser': [ '0.121.0', '0.182.0' ],
217 silly audit   fontfaceobserver: [ '2.3.0' ],
217 silly audit   'for-in': [ '1.0.2' ],
217 silly audit   'form-data': [ '3.0.1' ],
217 silly audit   'fragment-cache': [ '0.2.1' ],
217 silly audit   'freeport-async': [ '2.0.0' ],
217 silly audit   fresh: [ '0.5.2' ],
217 silly audit   jsonfile: [ '4.0.0', '6.1.0', '2.4.0' ],
217 silly audit   universalify: [ '0.1.2', '2.0.0', '1.0.0' ],
217 silly audit   'fs-minipass': [ '2.1.0' ],
217 silly audit   'fs.realpath': [ '1.0.0' ],
217 silly audit   'function-bind': [ '1.1.1' ],
217 silly audit   gensync: [ '1.0.0-beta.2' ],
217 silly audit   'get-caller-file': [ '2.0.5' ],
217 silly audit   'get-intrinsic': [ '1.1.2' ],
217 silly audit   'get-port': [ '3.2.0' ],
217 silly audit   'get-stream': [ '4.1.0', '5.2.0' ],
217 silly audit   'get-value': [ '2.0.6' ],
217 silly audit   getenv: [ '1.0.0' ],
217 silly audit   glob: [ '7.2.3', '6.0.4', '7.1.6' ],
217 silly audit   'glob-parent': [ '5.1.2' ],
217 silly audit   globals: [ '11.12.0' ],
217 silly audit   globby: [ '11.1.0' ],
217 silly audit   'graceful-fs': [ '4.2.10' ],
217 silly audit   graphql: [ '15.8.0' ],
217 silly audit   'graphql-tag': [ '2.12.6' ],
217 silly audit   has: [ '1.0.3' ],
217 silly audit   'has-flag': [ '4.0.0', '3.0.0' ],
217 silly audit   'has-property-descriptors': [ '1.0.0' ],
217 silly audit   'has-symbols': [ '1.0.3' ],
217 silly audit   'has-value': [ '1.0.0', '0.3.1' ],
217 silly audit   'has-values': [ '1.0.0', '0.1.4' ],
217 silly audit   'hermes-engine': [ '0.11.0' ],
217 silly audit   'hermes-estree': [ '0.5.0' ],
217 silly audit   'hermes-parser': [ '0.5.0' ],
217 silly audit   'hermes-profile-transformer': [ '0.0.6' ],
217 silly audit   'source-map': [ '0.7.4', '0.6.1', '0.5.7' ],
217 silly audit   'hosted-git-info': [ '3.0.8' ],
217 silly audit   'http-errors': [ '1.7.2', '2.0.0' ],
217 silly audit   inherits: [ '2.0.3', '2.0.4' ],
217 silly audit   'hyphenate-style-name': [ '1.0.4' ],
217 silly audit   'iconv-lite': [ '0.4.24' ],
217 silly audit   ieee754: [ '1.2.1' ],
217 silly audit   ignore: [ '5.2.0' ],
217 silly audit   'image-size': [ '0.6.3' ],
217 silly audit   'import-fresh': [ '2.0.0' ],
217 silly audit   'resolve-from': [ '3.0.0', '5.0.0' ],
217 silly audit   imurmurhash: [ '0.1.4' ],
217 silly audit   'indent-string': [ '4.0.0' ],
217 silly audit   'infer-owner': [ '1.0.4' ],
217 silly audit   inflight: [ '1.0.6' ],
217 silly audit   ini: [ '1.3.8' ],
217 silly audit   'inline-style-prefixer': [ '6.0.1' ],
217 silly audit   'internal-ip': [ '4.3.0' ],
217 silly audit   invariant: [ '2.2.4' ],
217 silly audit   ip: [ '1.1.8' ],
217 silly audit   'ip-regex': [ '2.1.0' ],
217 silly audit   'ipaddr.js': [ '1.9.1' ],
217 silly audit   'is-arrayish': [ '0.2.1' ],
217 silly audit   'is-buffer': [ '1.1.6' ],
217 silly audit   'is-core-module': [ '2.9.0' ],
217 silly audit   'is-docker': [ '2.2.1' ],
217 silly audit   'is-directory': [ '0.3.1' ],
217 silly audit   'is-extendable': [ '0.1.1', '1.0.1' ],
217 silly audit   'is-extglob': [ '2.1.1', '1.0.0' ],
217 silly audit   'is-fullwidth-code-point': [ '3.0.0', '2.0.0' ],
217 silly audit   'is-glob': [ '4.0.3', '2.0.1' ],
217 silly audit   'is-interactive': [ '1.0.0' ],
217 silly audit   'is-invalid-path': [ '0.1.0' ],
217 silly audit   'is-number': [ '3.0.0', '7.0.0' ],
217 silly audit   'is-path-cwd': [ '2.2.0' ],
217 silly audit   'is-path-inside': [ '3.0.3' ],
217 silly audit   'is-plain-object': [ '2.0.4' ],
217 silly audit   'is-root': [ '2.1.0' ],
217 silly audit   'is-stream': [ '1.1.0', '2.0.1' ],
217 silly audit   'is-unicode-supported': [ '0.1.0' ],
217 silly audit   'is-valid-path': [ '0.1.1' ],
217 silly audit   'is-windows': [ '1.0.2' ],
217 silly audit   isarray: [ '1.0.0' ],
217 silly audit   isexe: [ '2.0.0' ],
217 silly audit   isobject: [ '3.0.1', '2.1.0' ],
217 silly audit   'jest-get-type': [ '26.3.0' ],
217 silly audit   'jest-haste-map': [ '27.5.1' ],
217 silly audit   'jest-worker': [ '27.5.1', '26.6.2' ],
217 silly audit   'supports-color': [ '8.1.1', '5.5.0', '7.2.0' ],
217 silly audit   'jest-regex-util': [ '27.5.1' ],
217 silly audit   'jest-serializer': [ '27.5.1' ],
217 silly audit   'jest-util': [ '27.5.1' ],
217 silly audit   'jest-validate': [ '26.6.2' ],
217 silly audit   '@jest/types': [ '26.6.2', '27.5.1' ],
217 silly audit   '@types/yargs': [ '15.0.14', '16.0.4' ],
217 silly audit   jetifier: [ '1.6.8' ],
217 silly audit   'jimp-compact': [ '0.16.1' ],
217 silly audit   joi: [ '17.6.0' ],
217 silly audit   'join-component': [ '1.1.0' ],
217 silly audit   'js-tokens': [ '4.0.0' ],
217 silly audit   'js-yaml': [ '3.14.1', '4.1.0' ],
217 silly audit   'jsc-android': [ '250230.2.1' ],
217 silly audit   jscodeshift: [ '0.13.1' ],
217 silly audit   micromatch: [ '3.1.10', '4.0.5' ],
217 silly audit   'to-regex-range': [ '2.1.1', '5.0.1' ],
217 silly audit   jsesc: [ '2.5.2', '0.5.0' ],
217 silly audit   'json-parse-better-errors': [ '1.0.2' ],
217 silly audit   'json-schema-deref-sync': [ '0.13.0' ],
217 silly audit   md5: [ '2.2.1', '2.3.0' ],
217 silly audit   jsonify: [ '0.0.0' ],
217 silly audit   klaw: [ '1.3.1' ],
217 silly audit   kleur: [ '3.0.3' ],
217 silly audit   leven: [ '3.1.0' ],
217 silly audit   'lines-and-columns': [ '1.2.4' ],
217 silly audit   'locate-path': [ '6.0.0', '3.0.0', '5.0.0' ],
217 silly audit   lodash: [ '4.17.21' ],
217 silly audit   'lodash.debounce': [ '4.0.8' ],
217 silly audit   'lodash.throttle': [ '4.1.1' ],
217 silly audit   'log-symbols': [ '2.2.0', '4.1.0' ],
217 silly audit   logkitty: [ '0.7.1' ],
217 silly audit   'loose-envify': [ '1.4.0' ],
217 silly audit   'lru-cache': [ '6.0.0' ],
217 silly audit   'make-dir': [ '2.1.0' ],
217 silly audit   makeerror: [ '1.0.12' ],
217 silly audit   'map-cache': [ '0.2.2' ],
217 silly audit   'map-visit': [ '1.0.0' ],
217 silly audit   'md5-file': [ '3.2.3' ],
217 silly audit   md5hex: [ '1.0.0' ],
217 silly audit   'media-typer': [ '0.3.0' ],
217 silly audit   'memory-cache': [ '0.2.0' ],
217 silly audit   'merge-stream': [ '2.0.0' ],
217 silly audit   merge2: [ '1.4.1' ],
217 silly audit   metro: [ '0.67.0' ],
217 silly audit   rimraf: [ '2.7.1', '2.2.8', '2.4.5', '3.0.2', '2.6.3' ],
217 silly audit   'serialize-error': [ '2.1.0', '6.0.0' ],
217 silly audit   temp: [ '0.8.3', '0.8.4' ],
217 silly audit   'metro-babel-transformer': [ '0.67.0' ],
217 silly audit   'metro-cache': [ '0.67.0' ],
217 silly audit   'metro-cache-key': [ '0.67.0' ],
217 silly audit   'metro-config': [ '0.67.0' ],
217 silly audit   'metro-core': [ '0.67.0' ],
217 silly audit   'metro-hermes-compiler': [ '0.67.0' ],
217 silly audit   'metro-inspector-proxy': [ '0.67.0' ],
217 silly audit   'metro-minify-uglify': [ '0.67.0' ],
217 silly audit   'metro-react-native-babel-preset': [ '0.67.0' ],
217 silly audit   'metro-react-native-babel-transformer': [ '0.67.0' ],
217 silly audit   'metro-resolver': [ '0.67.0' ],
217 silly audit   'metro-runtime': [ '0.67.0' ],
217 silly audit   'metro-source-map': [ '0.67.0' ],
217 silly audit   'metro-symbolicate': [ '0.67.0' ],
217 silly audit   'metro-transform-plugins': [ '0.67.0' ],
217 silly audit   'metro-transform-worker': [ '0.67.0' ],
217 silly audit   mime: [ '2.6.0', '1.6.0' ],
217 silly audit   'mime-db': [ '1.52.0' ],
217 silly audit   'mime-types': [ '2.1.35' ],
217 silly audit   'mimic-fn': [ '1.2.0', '2.1.0' ],
217 silly audit   minimatch: [ '3.1.2' ],
217 silly audit   minimist: [ '1.2.6' ],
217 silly audit   minipass: [ '3.3.4', '3.1.6' ],
217 silly audit   'minipass-collect': [ '1.0.2' ],
217 silly audit   'minipass-flush': [ '1.0.5' ],
217 silly audit   'minipass-pipeline': [ '1.2.4' ],
217 silly audit   minizlib: [ '2.1.2' ],
217 silly audit   'mixin-deep': [ '1.3.2' ],
217 silly audit   mv: [ '2.1.1' ],
217 silly audit   mz: [ '2.7.0' ],
217 silly audit   nanoid: [ '3.3.4' ],
217 silly audit   nanomatch: [ '1.2.13' ],
217 silly audit   ncp: [ '2.0.0' ],
217 silly audit   negotiator: [ '0.6.3' ],
217 silly audit   'neo-async': [ '2.6.2' ],
217 silly audit   'nested-error-stacks': [ '2.0.1' ],
217 silly audit   'nice-try': [ '1.0.5' ],
217 silly audit   nocache: [ '2.1.0' ],
217 silly audit   'node-dir': [ '0.1.17' ],
217 silly audit   'node-fetch': [ '2.6.7' ],
217 silly audit   'node-forge': [ '1.3.1' ],
217 silly audit   'node-int64': [ '0.4.0' ],
217 silly audit   'node-releases': [ '2.0.6' ],
217 silly audit   'node-stream-zip': [ '1.15.0' ],
217 silly audit   'normalize-css-color': [ '1.0.2' ],
217 silly audit   'normalize-path': [ '3.0.0' ],
217 silly audit   'npm-package-arg': [ '7.0.0' ],
217 silly audit   'npm-run-path': [ '2.0.2' ],
217 silly audit   nullthrows: [ '1.1.1' ],
217 silly audit   ob1: [ '0.67.0' ],
217 silly audit   'object-assign': [ '4.1.1' ],
217 silly audit   'object-copy': [ '0.1.0' ],
217 silly audit   'object-keys': [ '1.1.1' ],
217 silly audit   'object-visit': [ '1.0.1' ],
217 silly audit   'object.assign': [ '4.1.2' ],
217 silly audit   'object.pick': [ '1.3.0' ],
217 silly audit   'on-finished': [ '2.3.0', '2.4.1' ],
217 silly audit   'on-headers': [ '1.0.2' ],
217 silly audit   once: [ '1.4.0' ],
217 silly audit   onetime: [ '2.0.1', '5.1.2' ],
217 silly audit   ora: [ '3.4.0', '5.4.1' ],
217 silly audit   'os-homedir': [ '1.0.2' ],
217 silly audit   'os-tmpdir': [ '1.0.2' ],
217 silly audit   osenv: [ '0.1.5' ],
217 silly audit   'p-finally': [ '1.0.0' ],
217 silly audit   'p-limit': [ '2.3.0', '3.1.0' ],
217 silly audit   'p-locate': [ '5.0.0', '3.0.0', '4.1.0' ],
217 silly audit   'p-map': [ '4.0.0' ],
217 silly audit   'p-try': [ '2.2.0' ],
217 silly audit   'parse-json': [ '4.0.0' ],
217 silly audit   'parse-png': [ '2.1.0' ],
217 silly audit   parseurl: [ '1.3.3' ],
217 silly audit   pascalcase: [ '0.1.1' ],
217 silly audit   'password-prompt': [ '1.1.2' ],
217 silly audit   'path-browserify': [ '1.0.1' ],
217 silly audit   'path-is-absolute': [ '1.0.1' ],
217 silly audit   'path-key': [ '2.0.1', '3.1.1' ],
217 silly audit   'path-parse': [ '1.0.7' ],
217 silly audit   'path-type': [ '4.0.0' ],
217 silly audit   picocolors: [ '1.0.0' ],
217 silly audit   picomatch: [ '2.3.1' ],
217 silly audit   pify: [ '4.0.1' ],
217 silly audit   pirates: [ '4.0.5' ],
217 silly audit   'pkg-dir': [ '3.0.0' ],
217 silly audit   'pkg-up': [ '3.1.0' ],
217 silly audit   plist: [ '3.0.5' ],
217 silly audit   xmlbuilder: [ '9.0.7', '11.0.1', '14.0.0' ],
217 silly audit   pngjs: [ '3.4.0' ],
217 silly audit   'posix-character-classes': [ '0.1.1' ],
217 silly audit   'pretty-bytes': [ '5.6.0' ],
217 silly audit   'pretty-format': [ '26.6.2' ],
217 silly audit   'react-is': [ '17.0.2', '16.13.1' ],
217 silly audit   'process-nextick-args': [ '2.0.1' ],
217 silly audit   progress: [ '2.0.3' ],
217 silly audit   'promise-inflight': [ '1.0.1' ],
217 silly audit   prompts: [ '2.4.2' ],
217 silly audit   'prop-types': [ '15.8.1' ],
217 silly audit   pump: [ '3.0.0' ],
217 silly audit   'qrcode-terminal': [ '0.11.0' ],
217 silly audit   qs: [ '6.7.0' ],
217 silly audit   'query-string': [ '7.1.1' ],
217 silly audit   querystringify: [ '2.2.0' ],
217 silly audit   'queue-microtask': [ '1.2.3' ],
217 silly audit   'range-parser': [ '1.2.1' ],
217 silly audit   'raw-body': [ '2.4.0' ],
217 silly audit   rc: [ '1.2.8' ],
217 silly audit   react: [ '17.0.2' ],
217 silly audit   'react-devtools-core': [ '4.24.7' ],
217 silly audit   'react-dom': [ '17.0.2' ],
217 silly audit   'react-freeze': [ '1.0.0' ],
217 silly audit   'react-native': [ '0.68.2' ],
217 silly audit   ws: [ '6.2.2', '7.5.8' ],
217 silly audit   'react-native-codegen': [ '0.0.17' ],
217 silly audit   'react-native-dialog': [ '9.2.2' ],
217 silly audit   'react-native-gradle-plugin': [ '0.0.6' ],
217 silly audit   'react-native-prompt-android': [ '1.1.0' ],
217 silly audit   'react-native-safe-area-context': [ '4.2.4' ],
217 silly audit   'react-native-screens': [ '3.11.1' ],
217 silly audit   'react-native-web': [ '0.17.7' ],
217 silly audit   'react-refresh': [ '0.4.3' ],
217 silly audit   'react-shallow-renderer': [ '16.14.1' ],
217 silly audit   'readable-stream': [ '3.6.0', '2.3.7' ],
217 silly audit   recast: [ '0.20.5' ],
217 silly audit   readline: [ '1.3.0' ],
217 silly audit   regenerate: [ '1.4.2' ],
217 silly audit   'regenerate-unicode-properties': [ '10.0.1' ],
217 silly audit   'regenerator-runtime': [ '0.13.9' ],
217 silly audit   'regenerator-transform': [ '0.15.0' ],
217 silly audit   'regex-not': [ '1.0.2' ],
217 silly audit   'regexpu-core': [ '5.1.0' ],
217 silly audit   regjsgen: [ '0.6.0' ],
217 silly audit   regjsparser: [ '0.8.4' ],
217 silly audit   'remove-trailing-slash': [ '0.1.1' ],
217 silly audit   'repeat-element': [ '1.1.4' ],
217 silly audit   'repeat-string': [ '1.6.1' ],
217 silly audit   'require-directory': [ '2.1.1' ],
217 silly audit   'require-from-string': [ '2.0.2' ],
217 silly audit   'require-main-filename': [ '2.0.0' ],
217 silly audit   requireg: [ '0.2.2' ],
217 silly audit   resolve: [ '1.7.1', '1.22.1' ],
217 silly audit   'requires-port': [ '1.0.0' ],
217 silly audit   reselect: [ '4.1.6' ],
217 silly audit   'resolve-url': [ '0.2.1' ],
217 silly audit   'restore-cursor': [ '2.0.0', '3.1.0' ],
217 silly audit   ret: [ '0.1.15' ],
217 silly audit   reusify: [ '1.0.4' ],
217 silly audit   'run-parallel': [ '1.2.0' ],
217 silly audit   'safe-buffer': [ '5.1.2', '5.2.1' ],
217 silly audit   'safe-json-stringify': [ '1.2.0' ],
217 silly audit   'safe-regex': [ '1.1.0' ],
217 silly audit   'safer-buffer': [ '2.1.2' ],
217 silly audit   sax: [ '1.2.4' ],
217 silly audit   scheduler: [ '0.20.2' ],
217 silly audit   send: [ '0.18.0' ],
217 silly audit   setprototypeof: [ '1.2.0', '1.1.1' ],
217 silly audit   statuses: [ '2.0.1', '1.5.0' ],
217 silly audit   toidentifier: [ '1.0.1', '1.0.0' ],
217 silly audit   'serve-static': [ '1.15.0' ],
217 silly audit   'set-blocking': [ '2.0.0' ],
217 silly audit   'set-value': [ '2.0.1' ],
217 silly audit   setimmediate: [ '1.0.5' ],
217 silly audit   'shallow-clone': [ '3.0.1' ],
217 silly audit   'shebang-command': [ '1.2.0', '2.0.0' ],
217 silly audit   'shebang-regex': [ '1.0.0', '3.0.0' ],
217 silly audit   'shell-quote': [ '1.7.3', '1.6.1' ],
217 silly audit   'signal-exit': [ '3.0.7' ],
217 silly audit   'simple-plist': [ '1.3.1' ],
217 silly audit   sisteransi: [ '1.0.5' ],
217 silly audit   slash: [ '3.0.0' ],
217 silly audit   'slice-ansi': [ '2.1.0' ],
217 silly audit   slugify: [ '1.6.5' ],
217 silly audit   snapdragon: [ '0.8.2' ],
217 silly audit   'snapdragon-node': [ '2.1.1' ],
217 silly audit   'snapdragon-util': [ '3.0.1' ],
217 silly audit   'source-map-resolve': [ '0.5.3' ],
217 silly audit   'source-map-support': [ '0.5.21' ],
217 silly audit   'source-map-url': [ '0.4.1' ],
217 silly audit   split: [ '1.0.1' ],
217 silly audit   'split-on-first': [ '1.1.0' ],
217 silly audit   'split-string': [ '3.1.0' ],
217 silly audit   'sprintf-js': [ '1.0.3' ],
217 silly audit   ssri: [ '8.0.1' ],
217 silly audit   stackframe: [ '1.3.4' ],
217 silly audit   'stacktrace-parser': [ '0.1.10' ],
217 silly audit   'static-extend': [ '0.1.2' ],
217 silly audit   'stream-buffers': [ '2.2.0' ],
217 silly audit   'strict-uri-encode': [ '2.0.0' ],
217 silly audit   'string-width': [ '4.2.3' ],
217 silly audit   string_decoder: [ '1.3.0', '1.1.1' ],
217 silly audit   'strip-eof': [ '1.0.0' ],
217 silly audit   'strip-json-comments': [ '2.0.1' ],
217 silly audit   'structured-headers': [ '0.4.1' ],
217 silly audit   sucrase: [ '3.23.0' ],
217 silly audit   'sudo-prompt': [ '9.2.1', '8.2.5', '9.1.1' ],
217 silly audit   'supports-hyperlinks': [ '2.2.0' ],
217 silly audit   'supports-preserve-symlinks-flag': [ '1.0.0' ],
217 silly audit   tar: [ '6.1.11' ],
217 silly audit   'temp-dir': [ '2.0.0', '1.0.0' ],
217 silly audit   tempy: [ '0.7.1', '0.3.0' ],
217 silly audit   'terminal-link': [ '2.1.1' ],
217 silly audit   'text-table': [ '0.2.0' ],
217 silly audit   thenify: [ '3.3.1' ],
217 silly audit   'thenify-all': [ '1.6.0' ],
217 silly audit   throat: [ '5.0.0' ],
217 silly audit   through: [ '2.3.8' ],
217 silly audit   through2: [ '2.0.5' ],
217 silly audit   tmp: [ '0.0.33' ],
217 silly audit   tmpl: [ '1.0.5' ],
217 silly audit   'to-fast-properties': [ '2.0.0' ],
217 silly audit   'to-object-path': [ '0.3.0' ],
217 silly audit   'to-regex': [ '3.0.2' ],
217 silly audit   tr46: [ '0.0.3' ],
217 silly audit   traverse: [ '0.6.6' ],
217 silly audit   'ts-interface-checker': [ '0.1.13' ],
217 silly audit   tslib: [ '2.4.0', '1.14.1' ],
217 silly audit   'type-is': [ '1.6.18' ],
217 silly audit   'ua-parser-js': [ '0.7.31' ],
217 silly audit   'uglify-es': [ '3.3.9' ],
217 silly audit   'unicode-canonical-property-names-ecmascript': [ '2.0.0' ],
217 silly audit   'unicode-match-property-ecmascript': [ '2.0.0' ],
217 silly audit   'unicode-match-property-value-ecmascript': [ '2.0.0' ],
217 silly audit   'unicode-property-aliases-ecmascript': [ '2.0.0' ],
217 silly audit   'union-value': [ '1.0.1' ],
217 silly audit   'unique-filename': [ '1.1.1' ],
217 silly audit   'unique-slug': [ '2.0.2' ],
217 silly audit   'unique-string': [ '2.0.0', '1.0.0' ],
217 silly audit   unpipe: [ '1.0.0' ],
217 silly audit   'unset-value': [ '1.0.0' ],
217 silly audit   'update-browserslist-db': [ '1.0.4' ],
217 silly audit   urix: [ '0.1.0' ],
217 silly audit   'url-join': [ '4.0.0' ],
217 silly audit   'url-parse': [ '1.5.10' ],
217 silly audit   use: [ '3.1.1' ],
217 silly audit   'use-subscription': [ '1.5.1' ],
217 silly audit   'util-deprecate': [ '1.0.2' ],
217 silly audit   'utils-merge': [ '1.0.1' ],
217 silly audit   uuid: [ '3.4.0', '7.0.3', '8.3.2' ],
217 silly audit   'valid-url': [ '1.0.9' ],
217 silly audit   'validate-npm-package-name': [ '3.0.0' ],
217 silly audit   vary: [ '1.1.2' ],
217 silly audit   vlq: [ '1.0.1' ],
217 silly audit   walker: [ '1.0.8' ],
217 silly audit   'warn-once': [ '0.1.0' ],
217 silly audit   wcwidth: [ '1.0.1' ],
217 silly audit   'webidl-conversions': [ '3.0.1' ],
217 silly audit   'whatwg-fetch': [ '3.6.2' ],
217 silly audit   'whatwg-url': [ '5.0.0' ],
217 silly audit   which: [ '1.3.1', '2.0.2' ],
217 silly audit   'which-module': [ '2.0.0' ],
217 silly audit   wonka: [ '4.0.15' ],
217 silly audit   wrappy: [ '1.0.2' ],
217 silly audit   'write-file-atomic': [ '2.4.3' ],
217 silly audit   xcode: [ '3.0.1' ],
217 silly audit   xml2js: [ '0.4.23' ],
217 silly audit   xmldoc: [ '1.1.4' ],
217 silly audit   xtend: [ '4.0.2' ],
217 silly audit   y18n: [ '4.0.3' ],
217 silly audit   yallist: [ '4.0.0' ],
217 silly audit   yargs: [ '15.4.1' ],
217 silly audit   'yargs-parser': [ '18.1.3' ],
217 silly audit   'yocto-queue': [ '0.1.0' ],
217 silly audit   '@ampproject/remapping': [ '2.2.0' ],
217 silly audit   '@babel/code-frame': [ '7.18.6', '7.10.4' ],
217 silly audit   '@babel/compat-data': [ '7.18.8' ],
217 silly audit   '@babel/generator': [ '7.18.7' ],
217 silly audit   '@jridgewell/gen-mapping': [ '0.3.2', '0.1.1' ],
217 silly audit   '@babel/core': [ '7.18.6' ],
217 silly audit   '@babel/helper-annotate-as-pure': [ '7.18.6' ],
217 silly audit   '@babel/helper-builder-binary-assignment-operator-visitor': [ '7.18.6' ],
217 silly audit   '@babel/helper-compilation-targets': [ '7.18.6' ],
217 silly audit   '@babel/helper-create-class-features-plugin': [ '7.18.6' ],
217 silly audit   '@babel/helper-create-regexp-features-plugin': [ '7.18.6' ],
217 silly audit   '@babel/helper-define-polyfill-provider': [ '0.3.1' ],
217 silly audit   '@babel/helper-environment-visitor': [ '7.18.6' ],
217 silly audit   '@babel/helper-explode-assignable-expression': [ '7.18.6' ],
217 silly audit   '@babel/helper-function-name': [ '7.18.6' ],
217 silly audit   '@babel/helper-hoist-variables': [ '7.18.6' ],
217 silly audit   '@babel/helper-member-expression-to-functions': [ '7.18.6' ],
217 silly audit   '@babel/helper-module-imports': [ '7.18.6' ],
217 silly audit   '@babel/helper-module-transforms': [ '7.18.8' ],
217 silly audit   '@babel/helper-optimise-call-expression': [ '7.18.6' ],
217 silly audit   '@babel/helper-plugin-utils': [ '7.18.6' ],
217 silly audit   '@babel/helper-remap-async-to-generator': [ '7.18.6' ],
217 silly audit   '@babel/helper-replace-supers': [ '7.18.6' ],
217 silly audit   '@babel/helper-simple-access': [ '7.18.6' ],
217 silly audit   '@babel/helper-skip-transparent-expression-wrappers': [ '7.18.6' ],
217 silly audit   '@babel/helper-split-export-declaration': [ '7.18.6' ],
217 silly audit   '@babel/helper-validator-identifier': [ '7.18.6' ],
217 silly audit   '@babel/helper-validator-option': [ '7.18.6' ],
217 silly audit   '@babel/helper-wrap-function': [ '7.18.6' ],
217 silly audit   '@babel/helpers': [ '7.18.6' ],
217 silly audit   '@babel/highlight': [ '7.18.6' ],
217 silly audit   '@babel/parser': [ '7.18.8' ],
217 silly audit   '@babel/plugin-bugfix-safari-id-destructuring-collision-in-function-expression': [ '7.18.6' ],
217 silly audit   '@babel/plugin-bugfix-v8-spread-parameters-in-optional-chaining': [ '7.18.6' ],
217 silly audit   '@babel/plugin-proposal-async-generator-functions': [ '7.18.6' ],
217 silly audit   '@babel/plugin-proposal-class-properties': [ '7.18.6' ],
217 silly audit   '@babel/plugin-proposal-class-static-block': [ '7.18.6' ],
217 silly audit   '@babel/plugin-proposal-decorators': [ '7.18.6' ],
217 silly audit   '@babel/plugin-proposal-dynamic-import': [ '7.18.6' ],
217 silly audit   '@babel/plugin-proposal-export-default-from': [ '7.18.6' ],
217 silly audit   '@babel/plugin-proposal-export-namespace-from': [ '7.18.6' ],
217 silly audit   '@babel/plugin-proposal-json-strings': [ '7.18.6' ],
217 silly audit   '@babel/plugin-proposal-logical-assignment-operators': [ '7.18.6' ],
217 silly audit   '@babel/plugin-proposal-nullish-coalescing-operator': [ '7.18.6' ],
217 silly audit   '@babel/plugin-proposal-numeric-separator': [ '7.18.6' ],
217 silly audit   '@babel/plugin-proposal-object-rest-spread': [ '7.18.6' ],
217 silly audit   '@babel/plugin-proposal-optional-catch-binding': [ '7.18.6' ],
217 silly audit   '@babel/plugin-proposal-optional-chaining': [ '7.18.6' ],
217 silly audit   '@babel/plugin-proposal-private-methods': [ '7.18.6' ],
217 silly audit   '@babel/plugin-proposal-private-property-in-object': [ '7.18.6' ],
217 silly audit   '@babel/plugin-proposal-unicode-property-regex': [ '7.18.6' ],
217 silly audit   '@babel/plugin-syntax-async-generators': [ '7.8.4' ],
217 silly audit   '@babel/plugin-syntax-class-properties': [ '7.12.13' ],
217 silly audit   '@babel/plugin-syntax-class-static-block': [ '7.14.5' ],
217 silly audit   '@babel/plugin-syntax-decorators': [ '7.18.6' ],
217 silly audit   '@babel/plugin-syntax-dynamic-import': [ '7.8.3' ],
217 silly audit   '@babel/plugin-syntax-export-default-from': [ '7.18.6' ],
217 silly audit   '@babel/plugin-syntax-export-namespace-from': [ '7.8.3' ],
217 silly audit   '@babel/plugin-syntax-flow': [ '7.18.6' ],
217 silly audit   '@babel/plugin-syntax-import-assertions': [ '7.18.6' ],
217 silly audit   '@babel/plugin-syntax-json-strings': [ '7.8.3' ],
217 silly audit   '@babel/plugin-syntax-jsx': [ '7.18.6' ],
217 silly audit   '@babel/plugin-syntax-logical-assignment-operators': [ '7.10.4' ],
217 silly audit   '@babel/plugin-syntax-nullish-coalescing-operator': [ '7.8.3' ],
217 silly audit   '@babel/plugin-syntax-numeric-separator': [ '7.10.4' ],
217 silly audit   '@babel/plugin-syntax-object-rest-spread': [ '7.8.3' ],
217 silly audit   '@babel/plugin-syntax-optional-catch-binding': [ '7.8.3' ],
217 silly audit   '@babel/plugin-syntax-optional-chaining': [ '7.8.3' ],
217 silly audit   '@babel/plugin-syntax-private-property-in-object': [ '7.14.5' ],
217 silly audit   '@babel/plugin-syntax-top-level-await': [ '7.14.5' ],
217 silly audit   '@babel/plugin-syntax-typescript': [ '7.18.6' ],
217 silly audit   '@babel/plugin-transform-arrow-functions': [ '7.18.6' ],
217 silly audit   '@babel/plugin-transform-async-to-generator': [ '7.18.6' ],
217 silly audit   '@babel/plugin-transform-block-scoped-functions': [ '7.18.6' ],
217 silly audit   '@babel/plugin-transform-block-scoping': [ '7.18.6' ],
217 silly audit   '@babel/plugin-transform-classes': [ '7.18.8' ],
217 silly audit   '@babel/plugin-transform-computed-properties': [ '7.18.6' ],
217 silly audit   '@babel/plugin-transform-destructuring': [ '7.18.6' ],
217 silly audit   '@babel/plugin-transform-dotall-regex': [ '7.18.6' ],
217 silly audit   '@babel/plugin-transform-duplicate-keys': [ '7.18.6' ],
217 silly audit   '@babel/plugin-transform-exponentiation-operator': [ '7.18.6' ],
217 silly audit   '@babel/plugin-transform-flow-strip-types': [ '7.18.6' ],
217 silly audit   '@babel/plugin-transform-for-of': [ '7.18.8' ],
217 silly audit   '@babel/plugin-transform-function-name': [ '7.18.6' ],
217 silly audit   '@babel/plugin-transform-literals': [ '7.18.6' ],
217 silly audit   '@babel/plugin-transform-member-expression-literals': [ '7.18.6' ],
217 silly audit   '@babel/plugin-transform-modules-amd': [ '7.18.6' ],
217 silly audit   '@babel/plugin-transform-modules-commonjs': [ '7.18.6' ],
217 silly audit   '@babel/plugin-transform-modules-systemjs': [ '7.18.6' ],
217 silly audit   '@babel/plugin-transform-modules-umd': [ '7.18.6' ],
217 silly audit   '@babel/plugin-transform-named-capturing-groups-regex': [ '7.18.6' ],
217 silly audit   '@babel/plugin-transform-new-target': [ '7.18.6' ],
217 silly audit   '@babel/plugin-transform-object-assign': [ '7.18.6' ],
217 silly audit   '@babel/plugin-transform-object-super': [ '7.18.6' ],
217 silly audit   '@babel/plugin-transform-parameters': [ '7.18.8' ],
217 silly audit   '@babel/plugin-transform-property-literals': [ '7.18.6' ],
217 silly audit   '@babel/plugin-transform-react-display-name': [ '7.18.6' ],
217 silly audit   '@babel/plugin-transform-react-jsx': [ '7.18.6' ],
217 silly audit   '@babel/plugin-transform-react-jsx-self': [ '7.18.6' ],
217 silly audit   '@babel/plugin-transform-react-jsx-source': [ '7.18.6' ],
217 silly audit   '@babel/plugin-transform-regenerator': [ '7.18.6' ],
217 silly audit   '@babel/plugin-transform-reserved-words': [ '7.18.6' ],
217 silly audit   '@babel/plugin-transform-runtime': [ '7.18.6' ],
217 silly audit   '@babel/plugin-transform-shorthand-properties': [ '7.18.6' ],
217 silly audit   '@babel/plugin-transform-spread': [ '7.18.6' ],
217 silly audit   '@babel/plugin-transform-sticky-regex': [ '7.18.6' ],
217 silly audit   '@babel/plugin-transform-template-literals': [ '7.18.6' ],
217 silly audit   '@babel/plugin-transform-typeof-symbol': [ '7.18.6' ],
217 silly audit   '@babel/plugin-transform-typescript': [ '7.18.8' ],
217 silly audit   '@babel/plugin-transform-unicode-escapes': [ '7.18.6' ],
217 silly audit   '@babel/plugin-transform-unicode-regex': [ '7.18.6' ],
217 silly audit   '@babel/preset-env': [ '7.18.6' ],
217 silly audit   '@babel/preset-flow': [ '7.18.6' ],
217 silly audit   '@babel/preset-modules': [ '0.1.5' ],
217 silly audit   '@babel/preset-typescript': [ '7.18.6' ],
217 silly audit   '@babel/register': [ '7.18.6' ],
217 silly audit   '@babel/runtime': [ '7.18.6' ],
217 silly audit   '@babel/template': [ '7.18.6' ],
217 silly audit   '@babel/traverse': [ '7.18.8' ],
217 silly audit   '@babel/types': [ '7.18.8' ],
217 silly audit   '@expo/bunyan': [ '4.0.0' ],
217 silly audit   '@expo/cli': [ '0.1.5' ],
217 silly audit   '@expo/code-signing-certificates': [ '0.0.2' ],
217 silly audit   '@expo/config': [ '6.0.24' ],
217 silly audit   '@expo/config-plugins': [ '4.1.5' ],
217 silly audit   '@expo/config-types': [ '45.0.0' ],
217 silly audit   '@expo/dev-server': [ '0.1.114' ],
217 silly audit   '@expo/devcert': [ '1.0.0' ],
217 silly audit   '@expo/image-utils': [ '0.3.21' ],
217 silly audit   '@expo/json-file': [ '8.2.36' ],
217 silly audit   '@expo/metro-config': [ '0.3.18' ],
217 silly audit   '@expo/osascript': [ '2.0.33' ],
217 silly audit   '@expo/spawn-async': [ '1.6.0', '1.5.0' ],
217 silly audit   '@expo/package-manager': [ '0.0.55' ],
217 silly audit   '@expo/plist': [ '0.0.18' ],
217 silly audit   '@expo/prebuild-config': [ '4.0.3' ],
217 silly audit   '@expo/rudder-sdk-node': [ '1.1.1' ],
217 silly audit   '@expo/sdk-runtime-versions': [ '1.0.0' ],
217 silly audit   '@expo/vector-icons': [ '13.0.0' ],
217 silly audit   '@expo/xcpretty': [ '4.2.2' ],
217 silly audit   '@gar/promisify': [ '1.1.3' ],
217 silly audit   '@graphql-typed-document-node/core': [ '3.1.1' ],
217 silly audit   '@hapi/hoek': [ '9.3.0' ],
217 silly audit   '@hapi/topo': [ '5.1.0' ],
217 silly audit   '@jest/create-cache-key-function': [ '27.5.1' ],
217 silly audit   '@jridgewell/resolve-uri': [ '3.1.0' ],
217 silly audit   '@jridgewell/set-array': [ '1.1.2' ],
217 silly audit   '@jridgewell/sourcemap-codec': [ '1.4.14' ],
217 silly audit   '@jridgewell/trace-mapping': [ '0.3.14' ],
217 silly audit   '@nodelib/fs.scandir': [ '2.1.5' ],
217 silly audit   '@nodelib/fs.stat': [ '2.0.5' ],
217 silly audit   '@nodelib/fs.walk': [ '1.2.8' ],
217 silly audit   '@npmcli/fs': [ '1.1.1' ],
217 silly audit   '@npmcli/move-file': [ '1.1.2' ],
217 silly audit   '@react-native-community/cli': [ '7.0.3' ],
217 silly audit   '@react-native-community/cli-debugger-ui': [ '7.0.3' ],
217 silly audit   '@react-native-community/cli-hermes': [ '6.3.0' ],
217 silly audit   '@react-native-community/cli-platform-android': [ '6.3.0', '7.0.1' ],
217 silly audit   '@react-native-community/cli-tools': [ '7.0.1', '6.2.0' ],
217 silly audit   '@react-native-community/cli-platform-ios': [ '7.0.1' ],
217 silly audit   '@react-native-community/cli-plugin-metro': [ '7.0.3' ],
217 silly audit   '@react-native-community/cli-server-api': [ '7.0.3' ],
217 silly audit   '@react-native-community/cli-types': [ '6.0.0' ],
217 silly audit   '@react-native/assets': [ '1.0.0' ],
217 silly audit   '@react-native/normalize-color': [ '2.0.0' ],
217 silly audit   '@react-native/polyfills': [ '2.0.0' ],
217 silly audit   '@react-navigation/core': [ '6.2.2' ],
217 silly audit   '@react-navigation/elements': [ '1.3.4' ],
217 silly audit   '@react-navigation/native': [ '6.0.11' ],
217 silly audit   '@react-navigation/native-stack': [ '6.7.0' ],
217 silly audit   '@react-navigation/routers': [ '6.1.1' ],
217 silly audit   '@segment/loosely-validate-event': [ '2.0.0' ],
217 silly audit   '@sideway/address': [ '4.1.4' ],
217 silly audit   '@sideway/formula': [ '3.0.0' ],
217 silly audit   '@sideway/pinpoint': [ '2.0.0' ],
217 silly audit   '@types/graceful-fs': [ '4.1.5' ],
217 silly audit   '@types/istanbul-lib-coverage': [ '2.0.4' ],
217 silly audit   '@types/istanbul-lib-report': [ '3.0.0' ],
217 silly audit   '@types/istanbul-reports': [ '3.0.1' ],
217 silly audit   '@types/node': [ '18.0.3' ],
217 silly audit   '@types/yargs-parser': [ '21.0.0' ],
217 silly audit   '@urql/core': [ '2.3.6', '2.5.0' ],
217 silly audit   '@urql/exchange-retry': [ '0.3.0' ],
217 silly audit   '@xmldom/xmldom': [ '0.7.5' ],
217 silly audit   '@expo/ngrok': [ '4.1.0' ],
217 silly audit   '@expo/ngrok-bin': [ '2.3.40' ],
217 silly audit   got: [ '11.8.5' ],
217 silly audit   yaml: [ '1.10.2' ],
217 silly audit   '@expo/ngrok-bin-darwin-arm64': [ '2.3.40' ],
217 silly audit   '@expo/ngrok-bin-darwin-x64': [ '2.3.40' ],
217 silly audit   '@expo/ngrok-bin-freebsd-ia32': [ '2.3.40' ],
217 silly audit   '@expo/ngrok-bin-freebsd-x64': [ '2.3.40' ],
217 silly audit   '@expo/ngrok-bin-linux-arm': [ '2.3.40' ],
217 silly audit   '@expo/ngrok-bin-linux-arm64': [ '2.3.40' ],
217 silly audit   '@expo/ngrok-bin-linux-ia32': [ '2.3.40' ],
217 silly audit   '@expo/ngrok-bin-linux-x64': [ '2.3.40' ],
217 silly audit   '@expo/ngrok-bin-sunos-x64': [ '2.3.40' ],
217 silly audit   '@expo/ngrok-bin-win32-ia32': [ '2.3.40' ],
217 silly audit   '@expo/ngrok-bin-win32-x64': [ '2.3.40' ],
217 silly audit   '@sindresorhus/is': [ '4.6.0' ],
217 silly audit   '@szmarczak/http-timer': [ '4.0.6' ],
217 silly audit   '@types/cacheable-request': [ '6.0.2' ],
217 silly audit   '@types/responselike': [ '1.0.0' ],
217 silly audit   'cacheable-lookup': [ '5.0.4' ],
217 silly audit   'cacheable-request': [ '7.0.2' ],
217 silly audit   'decompress-response': [ '6.0.0' ],
217 silly audit   'http2-wrapper': [ '1.0.3' ],
217 silly audit   'lowercase-keys': [ '2.0.0' ],
217 silly audit   'p-cancelable': [ '2.1.1' ],
217 silly audit   responselike: [ '2.0.0' ],
217 silly audit   'defer-to-connect': [ '2.0.1' ],
217 silly audit   '@types/http-cache-semantics': [ '4.0.1' ],
217 silly audit   '@types/keyv': [ '3.1.4' ],
217 silly audit   'clone-response': [ '1.0.2' ],
217 silly audit   'http-cache-semantics': [ '4.1.0' ],
217 silly audit   keyv: [ '4.3.2' ],
217 silly audit   'normalize-url': [ '6.1.0' ],
217 silly audit   'mimic-response': [ '1.0.1', '3.1.0' ],
217 silly audit   'quick-lru': [ '5.1.1' ],
217 silly audit   'resolve-alpn': [ '1.2.1' ],
217 silly audit   'compress-brotli': [ '1.3.8' ],
217 silly audit   'json-buffer': [ '3.0.1' ],
217 silly audit   '@types/json-buffer': [ '3.0.0' ]
217 silly audit }
218 verbose reify failed optional dependency /root/itProgerReact/node_modules/@expo/ngrok-bin-win32-x64
219 silly reify mark deleted [ '/root/itProgerReact/node_modules/@expo/ngrok-bin-win32-x64' ]
220 verbose reify failed optional dependency /root/itProgerReact/node_modules/@expo/ngrok-bin-win32-ia32
221 silly reify mark deleted [ '/root/itProgerReact/node_modules/@expo/ngrok-bin-win32-ia32' ]
222 verbose reify failed optional dependency /root/itProgerReact/node_modules/@expo/ngrok-bin-sunos-x64
223 silly reify mark deleted [ '/root/itProgerReact/node_modules/@expo/ngrok-bin-sunos-x64' ]
224 verbose reify failed optional dependency /root/itProgerReact/node_modules/@expo/ngrok-bin-linux-ia32
225 silly reify mark deleted [ '/root/itProgerReact/node_modules/@expo/ngrok-bin-linux-ia32' ]
226 verbose reify failed optional dependency /root/itProgerReact/node_modules/@expo/ngrok-bin-linux-arm64
227 silly reify mark deleted [ '/root/itProgerReact/node_modules/@expo/ngrok-bin-linux-arm64' ]
228 verbose reify failed optional dependency /root/itProgerReact/node_modules/@expo/ngrok-bin-linux-arm
229 silly reify mark deleted [ '/root/itProgerReact/node_modules/@expo/ngrok-bin-linux-arm' ]
230 verbose reify failed optional dependency /root/itProgerReact/node_modules/@expo/ngrok-bin-freebsd-x64
231 silly reify mark deleted [ '/root/itProgerReact/node_modules/@expo/ngrok-bin-freebsd-x64' ]
232 verbose reify failed optional dependency /root/itProgerReact/node_modules/@expo/ngrok-bin-freebsd-ia32
233 silly reify mark deleted [ '/root/itProgerReact/node_modules/@expo/ngrok-bin-freebsd-ia32' ]
234 verbose reify failed optional dependency /root/itProgerReact/node_modules/@expo/ngrok-bin-darwin-x64
235 silly reify mark deleted [ '/root/itProgerReact/node_modules/@expo/ngrok-bin-darwin-x64' ]
236 verbose reify failed optional dependency /root/itProgerReact/node_modules/@expo/ngrok-bin-darwin-arm64
237 silly reify mark deleted [ '/root/itProgerReact/node_modules/@expo/ngrok-bin-darwin-arm64' ]
238 timing reifyNode:node_modules/@expo/ngrok-bin-win32-x64 Completed in 13ms
239 timing reifyNode:node_modules/@expo/ngrok-bin-win32-ia32 Completed in 13ms
240 timing reifyNode:node_modules/@expo/ngrok-bin-sunos-x64 Completed in 13ms
241 timing reifyNode:node_modules/@expo/ngrok-bin-linux-ia32 Completed in 12ms
242 timing reifyNode:node_modules/@expo/ngrok-bin-linux-arm64 Completed in 12ms
243 timing reifyNode:node_modules/@expo/ngrok-bin-linux-arm Completed in 12ms
244 timing reifyNode:node_modules/@expo/ngrok-bin-freebsd-x64 Completed in 12ms
245 timing reifyNode:node_modules/@expo/ngrok-bin-freebsd-ia32 Completed in 12ms
246 timing reifyNode:node_modules/@expo/ngrok-bin-darwin-x64 Completed in 12ms
247 timing reifyNode:node_modules/@expo/ngrok-bin-darwin-arm64 Completed in 11ms
248 silly tarball no local data for @expo/ngrok-bin-linux-x64@https://registry.npmjs.org/@expo/ngrok-bin-linux-x64/-/ngrok-bin-linux-x64-2.3.40.tgz. Extracting by manifest.
249 silly tarball no local data for yaml@https://registry.npmjs.org/yaml/-/yaml-1.10.2.tgz. Extracting by manifest.
250 silly tarball no local data for @expo/ngrok@https://registry.npmjs.org/@expo/ngrok/-/ngrok-4.1.0.tgz. Extracting by manifest.
251 silly tarball no local data for @expo/ngrok-bin@https://registry.npmjs.org/@expo/ngrok-bin/-/ngrok-bin-2.3.40.tgz. Extracting by manifest.
252 timing reifyNode:node_modules/@types/json-buffer Completed in 187ms
253 timing reifyNode:node_modules/resolve-alpn Completed in 187ms
254 timing reifyNode:node_modules/mimic-response Completed in 187ms
255 timing reifyNode:node_modules/@types/keyv Completed in 186ms
256 timing reifyNode:node_modules/@types/http-cache-semantics Completed in 186ms
257 timing reifyNode:node_modules/@types/responselike Completed in 185ms
258 timing reifyNode:node_modules/@types/cacheable-request Completed in 185ms
259 timing reifyNode:node_modules/quick-lru Completed in 190ms
260 timing reifyNode:node_modules/clone-response Completed in 189ms
261 timing reifyNode:node_modules/responselike Completed in 190ms
262 timing reifyNode:node_modules/lowercase-keys Completed in 189ms
263 timing reifyNode:node_modules/decompress-response Completed in 189ms
264 timing reifyNode:node_modules/decompress-response/node_modules/mimic-response Completed in 190ms
265 timing reifyNode:node_modules/p-cancelable Completed in 192ms
266 timing reifyNode:node_modules/cacheable-request Completed in 191ms
267 timing reifyNode:node_modules/json-buffer Completed in 195ms
268 timing reifyNode:node_modules/compress-brotli Completed in 195ms
269 timing reifyNode:node_modules/normalize-url Completed in 194ms
270 timing reifyNode:node_modules/http-cache-semantics Completed in 194ms
271 timing reifyNode:node_modules/keyv Completed in 194ms
272 timing reifyNode:node_modules/defer-to-connect Completed in 193ms
273 timing reifyNode:node_modules/@szmarczak/http-timer Completed in 192ms
274 timing reifyNode:node_modules/which Completed in 189ms
275 timing reifyNode:node_modules/cacheable-request/node_modules/get-stream Completed in 193ms
276 timing reifyNode:node_modules/@expo/osascript/node_modules/which Completed in 190ms
277 timing reifyNode:node_modules/@expo/package-manager/node_modules/which Completed in 190ms
278 timing reifyNode:node_modules/cacheable-lookup Completed in 194ms
279 timing reifyNode:node_modules/@sindresorhus/is Completed in 197ms
280 timing reifyNode:node_modules/http2-wrapper Completed in 202ms
281 http fetch POST 200 https://registry.npmjs.org/-/npm/v1/security/advisories/bulk 252ms
282 timing auditReport:getReport Completed in 264ms
283 silly audit report {
283 silly audit report   'shell-quote': [
283 silly audit report     {
283 silly audit report       id: 1075650,
283 silly audit report       url: 'https://github.com/advisories/GHSA-g4rg-993r-mgx7',
283 silly audit report       title: 'Improper Neutralization of Special Elements used in a Command in Shell-quote',
283 silly audit report       severity: 'critical',
283 silly audit report       vulnerable_versions: '<=1.7.2',
283 silly audit report       cwe: [Array],
283 silly audit report       cvss: [Object]
283 silly audit report     }
283 silly audit report   ]
283 silly audit report }
284 timing metavuln:cache:get:security-advisory:shell-quote:VmnwXC2y/qR7oheLDtGaVpKOSpg5+QUVHr/NUAGEYx4ob3mxtTsVAwy0gs3WKj6EezZMJeC+qKiUimpqvNtUEA== Completed in 19ms
285 http fetch GET 200 https://registry.npmjs.org/@expo/ngrok-bin/-/ngrok-bin-2.3.40.tgz 284ms (cache miss)
286 timing reifyNode:node_modules/@expo/ngrok-bin Completed in 336ms
287 timing reifyNode:node_modules/got Completed in 439ms
288 http fetch GET 200 https://registry.npmjs.org/yaml/-/yaml-1.10.2.tgz 418ms (cache miss)
289 timing reifyNode:node_modules/yaml Completed in 465ms
290 timing reifyNode:node_modules/resolve Completed in 494ms
291 http fetch GET 200 https://registry.npmjs.org/@expo/ngrok/-/ngrok-4.1.0.tgz 718ms (cache miss)
292 timing reifyNode:node_modules/@expo/ngrok Completed in 766ms
293 http fetch GET 200 https://registry.npmjs.org/@expo/ngrok-bin-linux-x64/-/ngrok-bin-linux-x64-2.3.40.tgz 871ms (cache miss)
294 timing reifyNode:node_modules/@expo/ngrok-bin-linux-x64 Completed in 916ms
295 timing reify:unpack Completed in 922ms
296 timing reify:unretire Completed in 0ms
297 timing build:queue Completed in 2ms
298 timing build:link:node_modules/@expo/ngrok-bin Completed in 3ms
299 timing build:link:node_modules/resolve Completed in 2ms
300 timing build:link:node_modules/@expo/package-manager/node_modules/which Completed in 2ms
301 timing build:link:node_modules/@expo/osascript/node_modules/which Completed in 2ms
302 timing build:link:node_modules/which Completed in 2ms
303 timing build:link Completed in 3ms
304 timing build:deps Completed in 5ms
305 timing build Completed in 5ms
306 timing reify:build Completed in 7ms
307 timing reify:trash Completed in 27ms
308 timing reify:save Completed in 427ms
309 http fetch GET 200 https://registry.npmjs.org/shell-quote 1326ms (cache revalidated)
310 timing metavuln:packument:shell-quote Completed in 1327ms
311 timing metavuln:load:security-advisory:shell-quote:1075650 Completed in 1ms
312 timing metavuln:calculate:security-advisory:shell-quote:1075650 Completed in 1331ms
313 timing metavuln:cache:get:security-advisory:@react-native-community/cli-tools:oz5hLet4245sfscr9gKRbV8SPWad+2B7Yru6/EPxf01n55+yiuPE9aUOjqHmU44+X6Cx3LgU4MpucTlrL2NcBg== Completed in 1ms
314 http fetch GET 200 https://registry.npmjs.org/@react-native-community%2fcli-tools 54ms (cache miss)
315 timing metavuln:packument:@react-native-community/cli-tools Completed in 55ms
316 timing metavuln:load:security-advisory:@react-native-community/cli-tools:VmnwXC2y/qR7oheLDtGaVpKOSpg5+QUVHr/NUAGEYx4ob3mxtTsVAwy0gs3WKj6EezZMJeC+qKiUimpqvNtUEA== Completed in 10ms
317 timing metavuln:cache:put:security-advisory:@react-native-community/cli-tools:oz5hLet4245sfscr9gKRbV8SPWad+2B7Yru6/EPxf01n55+yiuPE9aUOjqHmU44+X6Cx3LgU4MpucTlrL2NcBg== Completed in 4ms
318 timing metavuln:calculate:security-advisory:@react-native-community/cli-tools:VmnwXC2y/qR7oheLDtGaVpKOSpg5+QUVHr/NUAGEYx4ob3mxtTsVAwy0gs3WKj6EezZMJeC+qKiUimpqvNtUEA== Completed in 69ms
319 timing metavuln:cache:get:security-advisory:@react-native-community/cli:XUbU1ud5KnKJEqoGwEZur7TkewILWrUN3J2Ia3XL7+sSVMrYgIYlgbn5BWce7X/p8oD0YmYSFBbOz+95BPLhXg== Completed in 7ms
320 timing metavuln:cache:get:security-advisory:@react-native-community/cli-hermes:8817U/WUdKD80bJaHDW+ASsp3pQyLt/o4iuGbvBNo7YxlI68oQdY3qzFRjGB+1C5oYhdULsqdlX2KuhH6zQiAQ== Completed in 6ms
321 timing metavuln:cache:get:security-advisory:@react-native-community/cli-platform-android:WeYriU/9wX8BUfbKHW851EQZyURZuzLfrH64Fr0bUNfnpUOOWf4Pwe0LiTHu4snVV+5BlxGjFRdG2j/aHjP19w== Completed in 5ms
322 timing metavuln:cache:get:security-advisory:@react-native-community/cli-plugin-metro:tDsGdyJ7nGjZ1ggKUOA6ZRTbFoGSSnzTSskCixOH24zZrCo2IDJnbmnMTT5MNMxCYa9LeJBWuz6Zf386D+UtFg== Completed in 4ms
323 timing metavuln:cache:get:security-advisory:@react-native-community/cli-server-api:bNAzQn2aR939B7j+NQDpsM3M30ACgzd7nLhzktRkyQxzlWsgqLEt7FeIL0nN+S4itRoVtyNfS4TNrGO9Bn0I6Q== Completed in 3ms
324 http fetch GET 200 https://registry.npmjs.org/@react-native-community%2fcli-platform-android 76ms (cache miss)
325 timing metavuln:packument:@react-native-community/cli-platform-android Completed in 78ms
326 timing metavuln:load:security-advisory:@react-native-community/cli-platform-android:oz5hLet4245sfscr9gKRbV8SPWad+2B7Yru6/EPxf01n55+yiuPE9aUOjqHmU44+X6Cx3LgU4MpucTlrL2NcBg== Completed in 29ms
327 http fetch GET 200 https://registry.npmjs.org/@react-native-community%2fcli-server-api 113ms (cache miss)
328 timing metavuln:packument:@react-native-community/cli-server-api Completed in 115ms
329 timing metavuln:load:security-advisory:@react-native-community/cli-server-api:oz5hLet4245sfscr9gKRbV8SPWad+2B7Yru6/EPxf01n55+yiuPE9aUOjqHmU44+X6Cx3LgU4MpucTlrL2NcBg== Completed in 6ms
330 http fetch GET 200 https://registry.npmjs.org/@react-native-community%2fcli-plugin-metro 124ms (cache miss)
331 timing metavuln:packument:@react-native-community/cli-plugin-metro Completed in 125ms
332 timing metavuln:load:security-advisory:@react-native-community/cli-plugin-metro:oz5hLet4245sfscr9gKRbV8SPWad+2B7Yru6/EPxf01n55+yiuPE9aUOjqHmU44+X6Cx3LgU4MpucTlrL2NcBg== Completed in 0ms
333 http fetch GET 200 https://registry.npmjs.org/@react-native-community%2fcli-hermes 128ms (cache miss)
334 timing metavuln:packument:@react-native-community/cli-hermes Completed in 129ms
335 timing metavuln:load:security-advisory:@react-native-community/cli-hermes:oz5hLet4245sfscr9gKRbV8SPWad+2B7Yru6/EPxf01n55+yiuPE9aUOjqHmU44+X6Cx3LgU4MpucTlrL2NcBg== Completed in 4ms
336 timing metavuln:cache:put:security-advisory:@react-native-community/cli-platform-android:WeYriU/9wX8BUfbKHW851EQZyURZuzLfrH64Fr0bUNfnpUOOWf4Pwe0LiTHu4snVV+5BlxGjFRdG2j/aHjP19w== Completed in 27ms
337 timing metavuln:calculate:security-advisory:@react-native-community/cli-platform-android:oz5hLet4245sfscr9gKRbV8SPWad+2B7Yru6/EPxf01n55+yiuPE9aUOjqHmU44+X6Cx3LgU4MpucTlrL2NcBg== Completed in 135ms
338 timing metavuln:cache:put:security-advisory:@react-native-community/cli-server-api:bNAzQn2aR939B7j+NQDpsM3M30ACgzd7nLhzktRkyQxzlWsgqLEt7FeIL0nN+S4itRoVtyNfS4TNrGO9Bn0I6Q== Completed in 12ms
339 timing metavuln:calculate:security-advisory:@react-native-community/cli-server-api:oz5hLet4245sfscr9gKRbV8SPWad+2B7Yru6/EPxf01n55+yiuPE9aUOjqHmU44+X6Cx3LgU4MpucTlrL2NcBg== Completed in 133ms
340 timing metavuln:cache:put:security-advisory:@react-native-community/cli-plugin-metro:tDsGdyJ7nGjZ1ggKUOA6ZRTbFoGSSnzTSskCixOH24zZrCo2IDJnbmnMTT5MNMxCYa9LeJBWuz6Zf386D+UtFg== Completed in 11ms
341 timing metavuln:calculate:security-advisory:@react-native-community/cli-plugin-metro:oz5hLet4245sfscr9gKRbV8SPWad+2B7Yru6/EPxf01n55+yiuPE9aUOjqHmU44+X6Cx3LgU4MpucTlrL2NcBg== Completed in 136ms
342 timing metavuln:cache:put:security-advisory:@react-native-community/cli-hermes:8817U/WUdKD80bJaHDW+ASsp3pQyLt/o4iuGbvBNo7YxlI68oQdY3qzFRjGB+1C5oYhdULsqdlX2KuhH6zQiAQ== Completed in 3ms
343 timing metavuln:calculate:security-advisory:@react-native-community/cli-hermes:oz5hLet4245sfscr9gKRbV8SPWad+2B7Yru6/EPxf01n55+yiuPE9aUOjqHmU44+X6Cx3LgU4MpucTlrL2NcBg== Completed in 139ms
344 http fetch GET 200 https://registry.npmjs.org/@react-native-community%2fcli 140ms (cache miss)
345 timing metavuln:packument:@react-native-community/cli Completed in 147ms
346 timing metavuln:load:security-advisory:@react-native-community/cli:oz5hLet4245sfscr9gKRbV8SPWad+2B7Yru6/EPxf01n55+yiuPE9aUOjqHmU44+X6Cx3LgU4MpucTlrL2NcBg== Completed in 17ms
347 timing metavuln:cache:put:security-advisory:@react-native-community/cli:XUbU1ud5KnKJEqoGwEZur7TkewILWrUN3J2Ia3XL7+sSVMrYgIYlgbn5BWce7X/p8oD0YmYSFBbOz+95BPLhXg== Completed in 10ms
348 timing metavuln:calculate:security-advisory:@react-native-community/cli:oz5hLet4245sfscr9gKRbV8SPWad+2B7Yru6/EPxf01n55+yiuPE9aUOjqHmU44+X6Cx3LgU4MpucTlrL2NcBg== Completed in 174ms
349 timing metavuln:cache:get:security-advisory:@react-native-community/cli-hermes:bZv//cS5oAJoMK42QOw4btOl2qlC14+AJ5pVXyGfjjW5n+/H3lmES/wOu8r7OTE2vQixqsHm+gdJXtSh/z2ElA== Completed in 0ms
350 timing metavuln:load:security-advisory:@react-native-community/cli-hermes:WeYriU/9wX8BUfbKHW851EQZyURZuzLfrH64Fr0bUNfnpUOOWf4Pwe0LiTHu4snVV+5BlxGjFRdG2j/aHjP19w== Completed in 11ms
351 timing metavuln:cache:put:security-advisory:@react-native-community/cli-hermes:bZv//cS5oAJoMK42QOw4btOl2qlC14+AJ5pVXyGfjjW5n+/H3lmES/wOu8r7OTE2vQixqsHm+gdJXtSh/z2ElA== Completed in 2ms
352 timing metavuln:calculate:security-advisory:@react-native-community/cli-hermes:WeYriU/9wX8BUfbKHW851EQZyURZuzLfrH64Fr0bUNfnpUOOWf4Pwe0LiTHu4snVV+5BlxGjFRdG2j/aHjP19w== Completed in 13ms
353 timing metavuln:cache:get:security-advisory:@react-native-community/cli:iOphlQk24zrh3ig/cDSGmJOaa2Yg4XC26HzQz+FoNtu2uMEoWbN0vxtrjZeOPsUCmDF/pYwmQCeV4HAJ4A0Wcg== Completed in 1ms
354 timing metavuln:load:security-advisory:@react-native-community/cli:bNAzQn2aR939B7j+NQDpsM3M30ACgzd7nLhzktRkyQxzlWsgqLEt7FeIL0nN+S4itRoVtyNfS4TNrGO9Bn0I6Q== Completed in 10ms
355 timing metavuln:cache:get:security-advisory:@react-native-community/cli-plugin-metro:QqRdBQkW876jF/VnDtNjenZwBtt+GHfozm1LwmRg2qXREknR4Rzs6DFXnRByTp+HNqG77dF9/Fgex1rty+yEtw== Completed in 11ms
356 timing metavuln:load:security-advisory:@react-native-community/cli-plugin-metro:bNAzQn2aR939B7j+NQDpsM3M30ACgzd7nLhzktRkyQxzlWsgqLEt7FeIL0nN+S4itRoVtyNfS4TNrGO9Bn0I6Q== Completed in 0ms
357 timing metavuln:cache:put:security-advisory:@react-native-community/cli:iOphlQk24zrh3ig/cDSGmJOaa2Yg4XC26HzQz+FoNtu2uMEoWbN0vxtrjZeOPsUCmDF/pYwmQCeV4HAJ4A0Wcg== Completed in 3ms
358 timing metavuln:calculate:security-advisory:@react-native-community/cli:bNAzQn2aR939B7j+NQDpsM3M30ACgzd7nLhzktRkyQxzlWsgqLEt7FeIL0nN+S4itRoVtyNfS4TNrGO9Bn0I6Q== Completed in 14ms
359 timing metavuln:cache:put:security-advisory:@react-native-community/cli-plugin-metro:QqRdBQkW876jF/VnDtNjenZwBtt+GHfozm1LwmRg2qXREknR4Rzs6DFXnRByTp+HNqG77dF9/Fgex1rty+yEtw== Completed in 2ms
360 timing metavuln:calculate:security-advisory:@react-native-community/cli-plugin-metro:bNAzQn2aR939B7j+NQDpsM3M30ACgzd7nLhzktRkyQxzlWsgqLEt7FeIL0nN+S4itRoVtyNfS4TNrGO9Bn0I6Q== Completed in 15ms
361 timing metavuln:cache:get:security-advisory:@react-native-community/cli:ogrVkyL8miZgy6SydXajmsnUK0j7dDWfHp5v3MOJc+GuJEMkE1p7loOU/hfgq0otL+w6smH1Xtan0ta67Q0yNA== Completed in 0ms
362 timing metavuln:load:security-advisory:@react-native-community/cli:tDsGdyJ7nGjZ1ggKUOA6ZRTbFoGSSnzTSskCixOH24zZrCo2IDJnbmnMTT5MNMxCYa9LeJBWuz6Zf386D+UtFg== Completed in 6ms
363 timing metavuln:cache:put:security-advisory:@react-native-community/cli:ogrVkyL8miZgy6SydXajmsnUK0j7dDWfHp5v3MOJc+GuJEMkE1p7loOU/hfgq0otL+w6smH1Xtan0ta67Q0yNA== Completed in 1ms
364 timing metavuln:calculate:security-advisory:@react-native-community/cli:tDsGdyJ7nGjZ1ggKUOA6ZRTbFoGSSnzTSskCixOH24zZrCo2IDJnbmnMTT5MNMxCYa9LeJBWuz6Zf386D+UtFg== Completed in 7ms
365 timing metavuln:cache:get:security-advisory:@react-native-community/cli:KtDt/3NfNBfjeyRdT9zViqY3eII5U9FZqOSNoQrKSP2RxafBtyrulvZnYA6Kk54V+FcyhMONxJ1RzXhv6prc3A== Completed in 0ms
366 timing metavuln:load:security-advisory:@react-native-community/cli:8817U/WUdKD80bJaHDW+ASsp3pQyLt/o4iuGbvBNo7YxlI68oQdY3qzFRjGB+1C5oYhdULsqdlX2KuhH6zQiAQ== Completed in 6ms
367 timing metavuln:cache:put:security-advisory:@react-native-community/cli:KtDt/3NfNBfjeyRdT9zViqY3eII5U9FZqOSNoQrKSP2RxafBtyrulvZnYA6Kk54V+FcyhMONxJ1RzXhv6prc3A== Completed in 2ms
368 timing metavuln:calculate:security-advisory:@react-native-community/cli:8817U/WUdKD80bJaHDW+ASsp3pQyLt/o4iuGbvBNo7YxlI68oQdY3qzFRjGB+1C5oYhdULsqdlX2KuhH6zQiAQ== Completed in 9ms
369 timing metavuln:cache:get:security-advisory:react-native:o6+7YGgHyITDDtqC5dBjJ5rUoKI2qmnJoCzrwKIM8CvsSlI6yifoj39Gdht52TJ10vbFEVV9EITgLUoI2yft/g== Completed in 1ms
370 http fetch GET 200 https://registry.npmjs.org/react-native 74ms (cache miss)
371 timing metavuln:packument:react-native Completed in 96ms
372 timing metavuln:load:security-advisory:react-native:XUbU1ud5KnKJEqoGwEZur7TkewILWrUN3J2Ia3XL7+sSVMrYgIYlgbn5BWce7X/p8oD0YmYSFBbOz+95BPLhXg== Completed in 78ms
373 timing metavuln:cache:put:security-advisory:react-native:o6+7YGgHyITDDtqC5dBjJ5rUoKI2qmnJoCzrwKIM8CvsSlI6yifoj39Gdht52TJ10vbFEVV9EITgLUoI2yft/g== Completed in 3ms
374 timing metavuln:calculate:security-advisory:react-native:XUbU1ud5KnKJEqoGwEZur7TkewILWrUN3J2Ia3XL7+sSVMrYgIYlgbn5BWce7X/p8oD0YmYSFBbOz+95BPLhXg== Completed in 177ms
375 timing metavuln:cache:get:security-advisory:react-native-dialog:bJLYS9pite5LGczwnAVOwQgrCt6dvsF7WzfmYQYGXFrlgF1tq8bbBV2vhmj5xNQ5IM8TYMzaI0tZbVt7VAQj4Q== Completed in 16ms
376 timing metavuln:cache:get:security-advisory:react-native-safe-area-context:YZUfZCzpsf/4Z9LWzxmcXx+VLZrdwJHgv6a97n8quWXC7V0+kHzr/pSOJYdUK0rQf8i6g1fkA9QAXDjj0JKg/w== Completed in 16ms
377 timing metavuln:cache:get:security-advisory:react-native-screens:I02CPaaqwGLsXtw7zFoBgY++d1mMDzdybRCDB5C+SEcQt1DCRWV73xdrNsHloQw+npb+PoO0M+RjR9v3oNicmg== Completed in 15ms
378 timing metavuln:cache:get:security-advisory:@react-native-community/cli:Fwj8iBzfVAA4Yrnr+b8dMNM0+CSJoM1teG4i7IEmmMU3m2mxQVWRuU6yXRaqYtU9R/uZtnn1wrBLqX0Vxn4wdg== Completed in 14ms
379 timing metavuln:load:security-advisory:@react-native-community/cli:o6+7YGgHyITDDtqC5dBjJ5rUoKI2qmnJoCzrwKIM8CvsSlI6yifoj39Gdht52TJ10vbFEVV9EITgLUoI2yft/g== Completed in 142ms
380 timing metavuln:cache:get:security-advisory:@react-navigation/elements:VdlTT+lZ34rdx09zuMoXbmYRZqRxq2T8okH6aQagiyjxoYBFXlvxd2uVjNBDIATObhga2cxkKBj8zOTpvT3IyQ== Completed in 157ms
381 timing metavuln:cache:get:security-advisory:@react-navigation/native:JwiIn6JOmTMAO+65EidjMQcqGSxLJVBcxDoLdka/IFvvlE+hGvXs13z7o7/h1hhcZo+6aflIl4NXb4KGIvDd/g== Completed in 156ms
382 timing metavuln:cache:get:security-advisory:@react-navigation/native-stack:UiMNgMwnIRMNs7gdZQreoDLjd/VeBHs2GNE6VdzRUQ1AAz+StHj5io/pj5cKGUE29FCrp+QuyEdtG1T6sehDsg== Completed in 156ms
383 timing metavuln:cache:put:security-advisory:@react-native-community/cli:Fwj8iBzfVAA4Yrnr+b8dMNM0+CSJoM1teG4i7IEmmMU3m2mxQVWRuU6yXRaqYtU9R/uZtnn1wrBLqX0Vxn4wdg== Completed in 6ms
384 timing metavuln:calculate:security-advisory:@react-native-community/cli:o6+7YGgHyITDDtqC5dBjJ5rUoKI2qmnJoCzrwKIM8CvsSlI6yifoj39Gdht52TJ10vbFEVV9EITgLUoI2yft/g== Completed in 163ms
385 http fetch GET 200 https://registry.npmjs.org/react-native-safe-area-context 194ms (cache miss)
386 timing metavuln:packument:react-native-safe-area-context Completed in 197ms
387 timing metavuln:load:security-advisory:react-native-safe-area-context:o6+7YGgHyITDDtqC5dBjJ5rUoKI2qmnJoCzrwKIM8CvsSlI6yifoj39Gdht52TJ10vbFEVV9EITgLUoI2yft/g== Completed in 9ms
388 timing metavuln:cache:put:security-advisory:react-native-safe-area-context:YZUfZCzpsf/4Z9LWzxmcXx+VLZrdwJHgv6a97n8quWXC7V0+kHzr/pSOJYdUK0rQf8i6g1fkA9QAXDjj0JKg/w== Completed in 8ms
389 timing metavuln:calculate:security-advisory:react-native-safe-area-context:o6+7YGgHyITDDtqC5dBjJ5rUoKI2qmnJoCzrwKIM8CvsSlI6yifoj39Gdht52TJ10vbFEVV9EITgLUoI2yft/g== Completed in 215ms
390 http fetch GET 200 https://registry.npmjs.org/@react-navigation%2fnative 215ms (cache miss)
391 timing metavuln:packument:@react-navigation/native Completed in 218ms
392 timing metavuln:load:security-advisory:@react-navigation/native:o6+7YGgHyITDDtqC5dBjJ5rUoKI2qmnJoCzrwKIM8CvsSlI6yifoj39Gdht52TJ10vbFEVV9EITgLUoI2yft/g== Completed in 4ms
393 timing metavuln:cache:put:security-advisory:@react-navigation/native:JwiIn6JOmTMAO+65EidjMQcqGSxLJVBcxDoLdka/IFvvlE+hGvXs13z7o7/h1hhcZo+6aflIl4NXb4KGIvDd/g== Completed in 39ms
394 timing metavuln:calculate:security-advisory:@react-navigation/native:o6+7YGgHyITDDtqC5dBjJ5rUoKI2qmnJoCzrwKIM8CvsSlI6yifoj39Gdht52TJ10vbFEVV9EITgLUoI2yft/g== Completed in 263ms
395 http fetch GET 200 https://registry.npmjs.org/react-native-screens 271ms (cache miss)
396 timing metavuln:packument:react-native-screens Completed in 275ms
397 timing metavuln:load:security-advisory:react-native-screens:o6+7YGgHyITDDtqC5dBjJ5rUoKI2qmnJoCzrwKIM8CvsSlI6yifoj39Gdht52TJ10vbFEVV9EITgLUoI2yft/g== Completed in 15ms
398 timing metavuln:cache:put:security-advisory:react-native-screens:I02CPaaqwGLsXtw7zFoBgY++d1mMDzdybRCDB5C+SEcQt1DCRWV73xdrNsHloQw+npb+PoO0M+RjR9v3oNicmg== Completed in 4ms
399 timing metavuln:calculate:security-advisory:react-native-screens:o6+7YGgHyITDDtqC5dBjJ5rUoKI2qmnJoCzrwKIM8CvsSlI6yifoj39Gdht52TJ10vbFEVV9EITgLUoI2yft/g== Completed in 295ms
400 http fetch GET 200 https://registry.npmjs.org/@react-navigation%2felements 398ms (cache miss)
401 timing metavuln:packument:@react-navigation/elements Completed in 399ms
402 timing metavuln:load:security-advisory:@react-navigation/elements:o6+7YGgHyITDDtqC5dBjJ5rUoKI2qmnJoCzrwKIM8CvsSlI6yifoj39Gdht52TJ10vbFEVV9EITgLUoI2yft/g== Completed in 1ms
403 timing metavuln:cache:put:security-advisory:@react-navigation/elements:VdlTT+lZ34rdx09zuMoXbmYRZqRxq2T8okH6aQagiyjxoYBFXlvxd2uVjNBDIATObhga2cxkKBj8zOTpvT3IyQ== Completed in 3ms
404 timing metavuln:calculate:security-advisory:@react-navigation/elements:o6+7YGgHyITDDtqC5dBjJ5rUoKI2qmnJoCzrwKIM8CvsSlI6yifoj39Gdht52TJ10vbFEVV9EITgLUoI2yft/g== Completed in 403ms
405 http fetch GET 200 https://registry.npmjs.org/react-native-dialog 843ms (cache miss)
406 timing metavuln:packument:react-native-dialog Completed in 844ms
407 timing metavuln:load:security-advisory:react-native-dialog:o6+7YGgHyITDDtqC5dBjJ5rUoKI2qmnJoCzrwKIM8CvsSlI6yifoj39Gdht52TJ10vbFEVV9EITgLUoI2yft/g== Completed in 12ms
408 timing metavuln:cache:put:security-advisory:react-native-dialog:bJLYS9pite5LGczwnAVOwQgrCt6dvsF7WzfmYQYGXFrlgF1tq8bbBV2vhmj5xNQ5IM8TYMzaI0tZbVt7VAQj4Q== Completed in 3ms
409 timing metavuln:calculate:security-advisory:react-native-dialog:o6+7YGgHyITDDtqC5dBjJ5rUoKI2qmnJoCzrwKIM8CvsSlI6yifoj39Gdht52TJ10vbFEVV9EITgLUoI2yft/g== Completed in 859ms
410 http fetch GET 200 https://registry.npmjs.org/@react-navigation%2fnative-stack 1727ms (cache miss)
411 timing metavuln:packument:@react-navigation/native-stack Completed in 1729ms
412 timing metavuln:load:security-advisory:@react-navigation/native-stack:o6+7YGgHyITDDtqC5dBjJ5rUoKI2qmnJoCzrwKIM8CvsSlI6yifoj39Gdht52TJ10vbFEVV9EITgLUoI2yft/g== Completed in 1ms
413 timing metavuln:cache:put:security-advisory:@react-navigation/native-stack:UiMNgMwnIRMNs7gdZQreoDLjd/VeBHs2GNE6VdzRUQ1AAz+StHj5io/pj5cKGUE29FCrp+QuyEdtG1T6sehDsg== Completed in 2ms
414 timing metavuln:calculate:security-advisory:@react-navigation/native-stack:o6+7YGgHyITDDtqC5dBjJ5rUoKI2qmnJoCzrwKIM8CvsSlI6yifoj39Gdht52TJ10vbFEVV9EITgLUoI2yft/g== Completed in 1733ms
415 timing auditReport:init Completed in 3534ms
416 timing reify:audit Completed in 3803ms
417 timing reify Completed in 12701ms
418 silly ADD node_modules/@types/json-buffer
419 silly ADD node_modules/json-buffer
420 silly ADD node_modules/compress-brotli
421 silly ADD node_modules/resolve-alpn
422 silly ADD node_modules/quick-lru
423 silly ADD node_modules/mimic-response
424 silly ADD node_modules/normalize-url
425 silly ADD node_modules/keyv
426 silly ADD node_modules/http-cache-semantics
427 silly ADD node_modules/clone-response
428 silly ADD node_modules/@types/keyv
429 silly ADD node_modules/@types/http-cache-semantics
430 silly ADD node_modules/defer-to-connect
431 silly ADD node_modules/responselike
432 silly ADD node_modules/p-cancelable
433 silly ADD node_modules/lowercase-keys
434 silly ADD node_modules/http2-wrapper
435 silly ADD node_modules/decompress-response
436 silly ADD node_modules/decompress-response/node_modules/mimic-response
437 silly ADD node_modules/cacheable-request
438 silly ADD node_modules/cacheable-request/node_modules/get-stream
439 silly ADD node_modules/cacheable-lookup
440 silly ADD node_modules/@types/responselike
441 silly ADD node_modules/@types/cacheable-request
442 silly ADD node_modules/@szmarczak/http-timer
443 silly ADD node_modules/@sindresorhus/is
444 silly ADD
445 silly ADD
446 silly ADD
447 silly ADD node_modules/@expo/ngrok-bin-linux-x64
448 silly ADD
449 silly ADD
450 silly ADD
451 silly ADD
452 silly ADD
453 silly ADD
454 silly ADD
455 silly ADD node_modules/yaml
456 silly ADD node_modules/got
457 silly ADD node_modules/@expo/ngrok-bin
458 silly ADD node_modules/@expo/ngrok
459 silly CHANGE node_modules/@expo/package-manager/node_modules/which
460 silly CHANGE node_modules/@expo/osascript/node_modules/which
461 silly CHANGE node_modules/which
462 silly CHANGE node_modules/resolve
463 timing command:install Completed in 12753ms
464 verbose exit 0
465 timing npm Completed in 12901ms
466 info ok
