0 verbose cli /usr/local/bin/node /usr/local/bin/npm
1 info using npm@8.11.0
2 info using node@v16.16.0
3 timing npm:load:whichnode Completed in 0ms
4 timing config:load:defaults Completed in 4ms
5 timing config:load:file:/usr/local/lib/node_modules/npm/npmrc Completed in 1ms
6 timing config:load:builtin Completed in 1ms
7 warn config global `--global`, `--local` are deprecated. Use `--location=global` instead.
8 timing config:load:cli Completed in 2ms
9 timing config:load:env Completed in 0ms
10 timing config:load:project Completed in 9ms
11 timing config:load:file:/root/.npmrc Completed in 1ms
12 timing config:load:user Completed in 1ms
13 timing config:load:file:/usr/local/etc/npmrc Completed in 0ms
14 timing config:load:global Completed in 1ms
15 timing config:load:validate Completed in 0ms
16 timing config:load:credentials Completed in 1ms
17 timing config:load:setEnvs Completed in 1ms
18 timing config:load Completed in 21ms
19 timing npm:load:configload Completed in 22ms
20 timing npm:load:mkdirpcache Completed in 1ms
21 timing npm:load:mkdirplogs Completed in 1ms
22 verbose title npm install npm
23 verbose argv "install" "--global" "npm"
24 timing npm:load:setTitle Completed in 1ms
25 timing config:load:flatten Completed in 3ms
26 timing npm:load:display Completed in 6ms
27 verbose logfile logs-max:10 dir:/root/.npm/_logs
28 verbose logfile /root/.npm/_logs/2022-07-09T04_23_43_158Z-debug-0.log
29 timing npm:load:logFile Completed in 5ms
30 timing npm:load:timers Completed in 0ms
31 timing npm:load:configScope Completed in 0ms
32 timing npm:load Completed in 37ms
33 silly logfile start cleaning logs, removing 1 files
34 silly logfile done cleaning log files
35 http fetch GET 200 https://registry.npmjs.org/npm 187ms (cache miss)
36 timing arborist:ctor Completed in 1ms
37 timing idealTree:init Completed in 5ms
38 timing idealTree:userRequests Completed in 2ms
39 silly idealTree buildDeps
40 silly fetch manifest npm@*
41 http fetch GET 200 https://registry.npmjs.org/npm 15ms (cache hit)
42 silly placeDep ROOT npm@8.13.2 OK for:  want: *
43 timing idealTree:#root Completed in 41ms
44 timing idealTree:node_modules/npm Completed in 0ms
45 timing idealTree:buildDeps Completed in 43ms
46 timing idealTree:fixDepFlags Completed in 1ms
47 timing idealTree Completed in 51ms
48 timing reify:loadTrees Completed in 320ms
49 timing reify:diffTrees Completed in 8ms
50 silly reify mark retired [
50 silly reify   '/usr/local/lib/node_modules/npm',
50 silly reify   '/usr/local/bin/npm',
50 silly reify   '/usr/local/bin/npx'
50 silly reify ]
51 silly reify moves {
51 silly reify   '/usr/local/lib/node_modules/npm': '/usr/local/lib/node_modules/.npm-i9nnxROI',
51 silly reify   '/usr/local/bin/npm': '/usr/local/bin/.npm-uJtxIR1m',
51 silly reify   '/usr/local/bin/npx': '/usr/local/bin/.npx-xXo12k2C'
51 silly reify }
52 timing reify:retireShallow Completed in 8ms
53 timing reify:createSparse Completed in 1ms
54 silly tarball no local data for npm@https://registry.npmjs.org/npm/-/npm-8.13.2.tgz. Extracting by manifest.
55 http fetch GET 200 https://registry.npmjs.org/npm/-/npm-8.13.2.tgz 1273ms (cache miss)
56 timing reifyNode:node_modules/npm Completed in 1286ms
57 timing arborist:ctor Completed in 0ms
58 timing reify:diffTrees Completed in 9ms
59 timing reify:loadBundles Completed in 1552ms
60 silly audit bulk request {
60 silly audit   npm: [ '8.13.2' ],
60 silly audit   abbrev: [ '1.1.1' ],
60 silly audit   'agent-base': [ '6.0.2' ],
60 silly audit   agentkeepalive: [ '4.2.1' ],
60 silly audit   'aggregate-error': [ '3.1.0' ],
60 silly audit   'ansi-regex': [ '5.0.1' ],
60 silly audit   'ansi-styles': [ '4.3.0' ],
60 silly audit   aproba: [ '2.0.0' ],
60 silly audit   archy: [ '1.0.0' ],
60 silly audit   'are-we-there-yet': [ '3.0.0' ],
60 silly audit   asap: [ '2.0.6' ],
60 silly audit   'balanced-match': [ '1.0.2' ],
60 silly audit   'bin-links': [ '3.0.1' ],
60 silly audit   'binary-extensions': [ '2.2.0' ],
60 silly audit   'brace-expansion': [ '2.0.1', '1.1.11' ],
60 silly audit   builtins: [ '5.0.1' ],
60 silly audit   cacache: [ '16.1.1' ],
60 silly audit   chalk: [ '4.1.2' ],
60 silly audit   chownr: [ '2.0.0' ],
60 silly audit   'cidr-regex': [ '3.1.1' ],
60 silly audit   'clean-stack': [ '2.2.0' ],
60 silly audit   'cli-columns': [ '4.0.0' ],
60 silly audit   'cli-table3': [ '0.6.2' ],
60 silly audit   clone: [ '1.0.4' ],
60 silly audit   'cmd-shim': [ '5.0.0' ],
60 silly audit   'color-convert': [ '2.0.1' ],
60 silly audit   'color-name': [ '1.1.4' ],
60 silly audit   'color-support': [ '1.1.3' ],
60 silly audit   columnify: [ '1.6.0' ],
60 silly audit   'common-ancestor-path': [ '1.0.1' ],
60 silly audit   'concat-map': [ '0.0.1' ],
60 silly audit   'console-control-strings': [ '1.1.0' ],
60 silly audit   debug: [ '4.3.4' ],
60 silly audit   ms: [ '2.1.2', '2.1.3' ],
60 silly audit   debuglog: [ '1.0.1' ],
60 silly audit   defaults: [ '1.0.3' ],
60 silly audit   delegates: [ '1.0.0' ],
60 silly audit   dezalgo: [ '1.0.4' ],
60 silly audit   depd: [ '1.1.2' ],
60 silly audit   diff: [ '5.0.0' ],
60 silly audit   encoding: [ '0.1.13' ],
60 silly audit   'emoji-regex': [ '8.0.0' ],
60 silly audit   'err-code': [ '2.0.3' ],
60 silly audit   'fastest-levenshtein': [ '1.0.12' ],
60 silly audit   'env-paths': [ '2.2.1' ],
60 silly audit   'fs-minipass': [ '2.1.0' ],
60 silly audit   'fs.realpath': [ '1.0.0' ],
60 silly audit   'function-bind': [ '1.1.1' ],
60 silly audit   gauge: [ '4.0.4' ],
60 silly audit   glob: [ '8.0.3', '7.2.3' ],
60 silly audit   has: [ '1.0.3' ],
60 silly audit   'graceful-fs': [ '4.2.10' ],
60 silly audit   'has-unicode': [ '2.0.1' ],
60 silly audit   'has-flag': [ '4.0.0' ],
60 silly audit   'hosted-git-info': [ '5.0.0' ],
60 silly audit   'http-proxy-agent': [ '5.0.0' ],
60 silly audit   'http-cache-semantics': [ '4.1.0' ],
60 silly audit   'https-proxy-agent': [ '5.0.1' ],
60 silly audit   'humanize-ms': [ '1.2.1' ],
60 silly audit   'iconv-lite': [ '0.6.3' ],
60 silly audit   imurmurhash: [ '0.1.4' ],
60 silly audit   'ignore-walk': [ '5.0.1' ],
60 silly audit   'indent-string': [ '4.0.0' ],
60 silly audit   'infer-owner': [ '1.0.4' ],
60 silly audit   inflight: [ '1.0.6' ],
60 silly audit   inherits: [ '2.0.4' ],
60 silly audit   ini: [ '3.0.0' ],
60 silly audit   ip: [ '1.1.8' ],
60 silly audit   'init-package-json': [ '3.0.2' ],
60 silly audit   'ip-regex': [ '4.3.0' ],
60 silly audit   'is-cidr': [ '4.0.2' ],
60 silly audit   'is-core-module': [ '2.9.0' ],
60 silly audit   'is-fullwidth-code-point': [ '3.0.0' ],
60 silly audit   'is-lambda': [ '1.0.1' ],
60 silly audit   isexe: [ '2.0.0' ],
60 silly audit   'json-parse-even-better-errors': [ '2.3.1' ],
60 silly audit   'json-stringify-nice': [ '1.1.4' ],
60 silly audit   jsonparse: [ '1.3.1' ],
60 silly audit   'just-diff': [ '5.0.2' ],
60 silly audit   'just-diff-apply': [ '5.2.0' ],
60 silly audit   libnpmaccess: [ '6.0.3' ],
60 silly audit   libnpmdiff: [ '4.0.4' ],
60 silly audit   libnpmexec: [ '4.0.8' ],
60 silly audit   libnpmfund: [ '3.0.2' ],
60 silly audit   libnpmhook: [ '8.0.3' ],
60 silly audit   libnpmorg: [ '4.0.3' ],
60 silly audit   libnpmpack: [ '4.1.2' ],
60 silly audit   libnpmpublish: [ '6.0.4' ],
60 silly audit   libnpmsearch: [ '5.0.3' ],
60 silly audit   libnpmteam: [ '4.0.3' ],
60 silly audit   libnpmversion: [ '3.0.6' ],
60 silly audit   'lru-cache': [ '7.9.0', '6.0.0' ],
60 silly audit   'make-fetch-happen': [ '10.1.8' ],
60 silly audit   minipass: [ '3.1.6' ],
60 silly audit   minimatch: [ '5.1.0', '3.1.2' ],
60 silly audit   'minipass-collect': [ '1.0.2' ],
60 silly audit   'minipass-fetch': [ '2.1.0' ],
60 silly audit   'minipass-flush': [ '1.0.5' ],
60 silly audit   'minipass-json-stream': [ '1.0.1' ],
60 silly audit   'minipass-pipeline': [ '1.2.4' ],
60 silly audit   'minipass-sized': [ '1.0.3' ],
60 silly audit   mkdirp: [ '1.0.4' ],
60 silly audit   minizlib: [ '2.1.2' ],
60 silly audit   'mkdirp-infer-owner': [ '2.0.0' ],
60 silly audit   'mute-stream': [ '0.0.8' ],
60 silly audit   negotiator: [ '0.6.3' ],
60 silly audit   'node-gyp': [ '9.0.0' ],
60 silly audit   nopt: [ '5.0.0' ],
60 silly audit   'normalize-package-data': [ '4.0.0' ],
60 silly audit   'npm-audit-report': [ '3.0.0' ],
60 silly audit   'npm-bundled': [ '1.1.2' ],
60 silly audit   'npm-install-checks': [ '5.0.0' ],
60 silly audit   'npm-normalize-package-bin': [ '1.0.1' ],
60 silly audit   'npm-package-arg': [ '9.0.2' ],
60 silly audit   'npm-packlist': [ '5.1.1' ],
60 silly audit   'npm-pick-manifest': [ '7.0.1' ],
60 silly audit   'npm-profile': [ '6.1.0' ],
60 silly audit   'npm-registry-fetch': [ '13.1.1' ],
60 silly audit   npmlog: [ '6.0.2' ],
60 silly audit   'npm-user-validate': [ '1.0.1' ],
60 silly audit   once: [ '1.4.0' ],
60 silly audit   opener: [ '1.5.2' ],
60 silly audit   'p-map': [ '4.0.0' ],
60 silly audit   pacote: [ '13.6.1' ],
60 silly audit   'path-is-absolute': [ '1.0.1' ],
60 silly audit   'parse-conflict-json': [ '2.0.2' ],
60 silly audit   'proc-log': [ '2.0.1' ],
60 silly audit   'promise-all-reject-late': [ '1.0.1' ],
60 silly audit   'promise-call-limit': [ '1.0.1' ],
60 silly audit   'promise-inflight': [ '1.0.1' ],
60 silly audit   'promise-retry': [ '2.0.1' ],
60 silly audit   promzard: [ '0.3.0' ],
60 silly audit   'qrcode-terminal': [ '0.12.0' ],
60 silly audit   read: [ '1.0.7' ],
60 silly audit   'read-package-json': [ '5.0.1' ],
60 silly audit   'read-cmd-shim': [ '3.0.0' ],
60 silly audit   'read-package-json-fast': [ '2.0.3' ],
60 silly audit   'readdir-scoped-modules': [ '1.1.0' ],
60 silly audit   'readable-stream': [ '3.6.0' ],
60 silly audit   rimraf: [ '3.0.2' ],
60 silly audit   'safe-buffer': [ '5.2.1' ],
60 silly audit   retry: [ '0.12.0' ],
60 silly audit   'safer-buffer': [ '2.1.2' ],
60 silly audit   semver: [ '7.3.7' ],
60 silly audit   'set-blocking': [ '2.0.0' ],
60 silly audit   'signal-exit': [ '3.0.7' ],
60 silly audit   'smart-buffer': [ '4.2.0' ],
60 silly audit   socks: [ '2.6.2' ],
60 silly audit   'socks-proxy-agent': [ '7.0.0' ],
60 silly audit   'spdx-correct': [ '3.1.1' ],
60 silly audit   'spdx-exceptions': [ '2.3.0' ],
60 silly audit   'spdx-expression-parse': [ '3.0.1' ],
60 silly audit   ssri: [ '9.0.1' ],
60 silly audit   'spdx-license-ids': [ '3.0.11' ],
60 silly audit   'string-width': [ '4.2.3' ],
60 silly audit   string_decoder: [ '1.3.0' ],
60 silly audit   'strip-ansi': [ '6.0.1' ],
60 silly audit   tar: [ '6.1.11' ],
60 silly audit   'supports-color': [ '7.2.0' ],
60 silly audit   'text-table': [ '0.2.0' ],
60 silly audit   'tiny-relative-date': [ '1.3.0' ],
60 silly audit   treeverse: [ '2.0.0' ],
60 silly audit   'unique-filename': [ '1.1.1' ],
60 silly audit   'unique-slug': [ '2.0.2' ],
60 silly audit   'util-deprecate': [ '1.0.2' ],
60 silly audit   'validate-npm-package-license': [ '3.0.4' ],
60 silly audit   'validate-npm-package-name': [ '4.0.0' ],
60 silly audit   'walk-up-path': [ '1.0.0' ],
60 silly audit   wcwidth: [ '1.0.1' ],
60 silly audit   which: [ '2.0.2' ],
60 silly audit   wrappy: [ '1.0.2' ],
60 silly audit   'wide-align': [ '1.1.5' ],
60 silly audit   'write-file-atomic': [ '4.0.1' ],
60 silly audit   yallist: [ '4.0.0' ],
60 silly audit   '@colors/colors': [ '1.5.0' ],
60 silly audit   '@gar/promisify': [ '1.1.3' ],
60 silly audit   '@isaacs/string-locale-compare': [ '1.1.0' ],
60 silly audit   '@npmcli/arborist': [ '5.2.3' ],
60 silly audit   '@npmcli/config': [ '4.1.0' ],
60 silly audit   '@npmcli/ci-detect': [ '2.0.0' ],
60 silly audit   '@npmcli/disparity-colors': [ '2.0.0' ],
60 silly audit   '@npmcli/fs': [ '2.1.0' ],
60 silly audit   '@npmcli/git': [ '3.0.1' ],
60 silly audit   '@npmcli/installed-package-contents': [ '1.0.7' ],
60 silly audit   '@npmcli/metavuln-calculator': [ '3.1.1' ],
60 silly audit   '@npmcli/map-workspaces': [ '2.0.3' ],
60 silly audit   '@npmcli/move-file': [ '2.0.0' ],
60 silly audit   '@npmcli/name-from-folder': [ '1.0.1' ],
60 silly audit   '@npmcli/node-gyp': [ '2.0.0' ],
60 silly audit   '@npmcli/package-json': [ '2.0.0' ],
60 silly audit   '@npmcli/promise-spawn': [ '3.0.0' ],
60 silly audit   '@npmcli/run-script': [ '4.1.5' ],
60 silly audit   '@tootallnate/once': [ '2.0.0' ]
60 silly audit }
61 timing reify:unpack Completed in 0ms
62 timing reify:unretire Completed in 1ms
63 timing build:queue Completed in 15ms
64 timing build:link:node_modules/npm Completed in 7ms
65 timing build:link:node_modules/npm/node_modules/@npmcli/arborist Completed in 7ms
66 timing build:link:node_modules/npm/node_modules/color-support Completed in 7ms
67 timing build:link:node_modules/npm/node_modules/@npmcli/installed-package-contents Completed in 8ms
68 timing build:link:node_modules/npm/node_modules/mkdirp Completed in 8ms
69 timing build:link:node_modules/npm/node_modules/node-gyp Completed in 8ms
70 timing build:link:node_modules/npm/node_modules/nopt Completed in 8ms
71 timing build:link:node_modules/npm/node_modules/npm-packlist Completed in 8ms
72 timing build:link:node_modules/npm/node_modules/opener Completed in 7ms
73 timing build:link:node_modules/npm/node_modules/pacote Completed in 7ms
74 timing build:link:node_modules/npm/node_modules/qrcode-terminal Completed in 7ms
75 timing build:link:node_modules/npm/node_modules/rimraf Completed in 7ms
76 timing build:link:node_modules/npm/node_modules/semver Completed in 7ms
77 timing build:link:node_modules/npm/node_modules/which Completed in 7ms
78 timing build:link Completed in 9ms
79 timing build:deps Completed in 24ms
80 timing build Completed in 24ms
81 timing reify:build Completed in 25ms
82 timing reify:trash Completed in 156ms
83 http fetch POST 200 https://registry.npmjs.org/-/npm/v1/security/advisories/bulk 202ms
84 timing auditReport:getReport Completed in 207ms
85 silly audit report {}
86 timing auditReport:init Completed in 0ms
87 timing reify:audit Completed in 209ms
88 timing reify Completed in 2104ms
89 silly CHANGE node_modules/npm
90 silly CHANGE node_modules/npm/node_modules/@npmcli/run-script
91 silly CHANGE node_modules/npm/node_modules/@npmcli/metavuln-calculator
92 silly CHANGE node_modules/npm/node_modules/@npmcli/installed-package-contents
93 silly CHANGE node_modules/npm/node_modules/@npmcli/arborist
94 silly CHANGE node_modules/npm/node_modules/which
95 silly CHANGE node_modules/npm/node_modules/socks-proxy-agent
96 silly CHANGE node_modules/npm/node_modules/semver
97 silly CHANGE node_modules/npm/node_modules/rimraf
98 silly CHANGE node_modules/npm/node_modules/rimraf/node_modules/glob
99 silly CHANGE node_modules/npm/node_modules/qrcode-terminal
100 silly CHANGE node_modules/npm/node_modules/pacote
101 silly CHANGE node_modules/npm/node_modules/opener
102 silly CHANGE node_modules/npm/node_modules/npm-profile
103 silly CHANGE node_modules/npm/node_modules/npm-packlist
104 silly CHANGE node_modules/npm/node_modules/nopt
105 silly CHANGE node_modules/npm/node_modules/node-gyp
106 silly CHANGE node_modules/npm/node_modules/node-gyp/node_modules/glob
107 silly CHANGE node_modules/npm/node_modules/mkdirp
108 silly CHANGE node_modules/npm/node_modules/minimatch
109 silly CHANGE node_modules/npm/node_modules/make-fetch-happen
110 silly CHANGE node_modules/npm/node_modules/libnpmversion
111 silly CHANGE node_modules/npm/node_modules/libnpmpack
112 silly CHANGE node_modules/npm/node_modules/libnpmexec
113 silly CHANGE node_modules/npm/node_modules/libnpmdiff
114 silly CHANGE node_modules/npm/node_modules/glob
115 silly CHANGE node_modules/npm/node_modules/color-support
116 silly CHANGE node_modules/npm/node_modules/cacache
117 timing command:install Completed in 2332ms
118 verbose exit 0
119 timing npm Completed in 2424ms
120 info ok
